2015-01-27 11:09:57,576 INFO  [jeeves] - Upload directory is: /usr/local/apache-tomcat-7.0.55/webapps/geonetwork/./data/tmp/
2015-01-27 11:09:57,591 WARN  [jeeves.dbmspool] - Using transaction isolation setting READ_COMMITTED
2015-01-27 11:10:01,134 WARN  [jeeves.engine] - Jeeves DBMS service configuration lookup failed (database may not be available yet). Message is: Table "SERVICES" not found; SQL statement:
SELECT * FROM Services [42102-152]
2015-01-27 11:10:01,382 INFO  [jeeves.service] - Service csw already exist, re-register it.
2015-01-27 11:10:01,435 INFO  [jeeves.apphand] - Initializing GeoNetwork 2.10.3-0.SNAPSHOT ...
2015-01-27 11:10:01,437 WARN  [geonetwork.data.directory] -    - Data directory initialization: null
2015-01-27 11:10:01,437 WARN  [geonetwork.data.directory] -     - Data directory properties is not set. Use geonetwork.dir or geonetwork.dir properties.
2015-01-27 11:10:01,437 WARN  [geonetwork.data.directory] -     - Data directory provided could not be used. Using default location: /usr/local/apache-tomcat-7.0.55/webapps/geonetwork/WEB-INF/data/
2015-01-27 11:10:01,438 INFO  [jeeves.apphand] - Data directory: /usr/local/apache-tomcat-7.0.55/webapps/geonetwork/WEB-INF/data/
2015-01-27 11:10:01,438 INFO  [jeeves.apphand] - jeeves.xml.catalog.files property set to /usr/local/apache-tomcat-7.0.55/webapps/geonetwork/WEB-INF/oasis-catalog.xml;/usr/local/apache-tomcat-7.0.55/webapps/geonetwork/WEB-INF/data/config/schemaplugin-uri-catalog.xml
2015-01-27 11:10:01,438 INFO  [jeeves.apphand] - jeeves.xml.catalog.blankxslfile property set to /usr/local/apache-tomcat-7.0.55/webapps/geonetwork/xsl/blanks.xsl
2015-01-27 11:10:01,438 INFO  [jeeves.apphand] - mime-mappings property set to /usr/local/apache-tomcat-7.0.55/webapps/geonetwork/WEB-INF/mime-types.properties
2015-01-27 11:10:01,541 INFO  [jeeves.apphand] -   - Database connection on jdbc:h2:geonetwork;LOCK_TIMEOUT=20000;DB_CLOSE_ON_EXIT=FALSE;MVCC=TRUE ...
2015-01-27 11:10:01,549 INFO  [jeeves.apphand] -       jdbc:h2:geonetwork;LOCK_TIMEOUT=20000;DB_CLOSE_ON_EXIT=FALSE;MVCC=TRUE is an empty database (Metadata table not found).
2015-01-27 11:10:01,550 INFO  [jeeves.apphand] -          - SQL create file:/usr/local/apache-tomcat-7.0.55/webapps/geonetwork/WEB-INF/classes/setup/sql/create prefix:create-db- ...
2015-01-27 11:10:01,712 INFO  [jeeves.apphand] -          - SQL data file:/usr/local/apache-tomcat-7.0.55/webapps/geonetwork/WEB-INF/classes/setup/sql/data prefix:data-db- ...
2015-01-27 11:10:01,965 INFO  [jeeves.apphand] -          - SQL data file:/usr/local/apache-tomcat-7.0.55/webapps/geonetwork/WEB-INF/classes/setup/sql/data prefix:loc-eng- ...
2015-01-27 11:10:02,109 INFO  [jeeves.apphand] -          - SQL data file:/usr/local/apache-tomcat-7.0.55/webapps/geonetwork/WEB-INF/classes/setup/sql/data prefix:loc-fre- ...
2015-01-27 11:10:02,199 INFO  [jeeves.apphand] -          - SQL data file:/usr/local/apache-tomcat-7.0.55/webapps/geonetwork/WEB-INF/classes/setup/sql/data prefix:loc-ger- ...
2015-01-27 11:10:02,273 INFO  [jeeves.apphand] -          - SQL data file:/usr/local/apache-tomcat-7.0.55/webapps/geonetwork/WEB-INF/classes/setup/sql/data prefix:loc-spa- ...
2015-01-27 11:10:02,354 INFO  [jeeves.apphand] -          - SQL data file:/usr/local/apache-tomcat-7.0.55/webapps/geonetwork/WEB-INF/classes/setup/sql/data prefix:loc-cat- ...
2015-01-27 11:10:02,453 INFO  [jeeves.apphand] -          - SQL data file:/usr/local/apache-tomcat-7.0.55/webapps/geonetwork/WEB-INF/classes/setup/sql/data prefix:loc-rus- ...
2015-01-27 11:10:02,535 INFO  [jeeves.apphand] -          - SQL data file:/usr/local/apache-tomcat-7.0.55/webapps/geonetwork/WEB-INF/classes/setup/sql/data prefix:loc-por- ...
2015-01-27 11:10:02,610 INFO  [jeeves.apphand] -          - SQL data file:/usr/local/apache-tomcat-7.0.55/webapps/geonetwork/WEB-INF/classes/setup/sql/data prefix:loc-chi- ...
2015-01-27 11:10:02,678 INFO  [jeeves.apphand] -          - SQL data file:/usr/local/apache-tomcat-7.0.55/webapps/geonetwork/WEB-INF/classes/setup/sql/data prefix:loc-dut- ...
2015-01-27 11:10:02,811 INFO  [jeeves.apphand] -          - SQL data file:/usr/local/apache-tomcat-7.0.55/webapps/geonetwork/WEB-INF/classes/setup/sql/data prefix:loc-nor- ...
2015-01-27 11:10:02,882 INFO  [jeeves.apphand] -          - SQL data file:/usr/local/apache-tomcat-7.0.55/webapps/geonetwork/WEB-INF/classes/setup/sql/data prefix:loc-fin- ...
2015-01-27 11:10:02,943 INFO  [jeeves.apphand] -          - SQL data file:/usr/local/apache-tomcat-7.0.55/webapps/geonetwork/WEB-INF/classes/setup/sql/data prefix:loc-ara- ...
2015-01-27 11:10:03,010 INFO  [jeeves.apphand] -          - SQL data file:/usr/local/apache-tomcat-7.0.55/webapps/geonetwork/WEB-INF/classes/setup/sql/data prefix:loc-ita- ...
2015-01-27 11:10:03,076 INFO  [jeeves.apphand] -          - SQL data file:/usr/local/apache-tomcat-7.0.55/webapps/geonetwork/WEB-INF/classes/setup/sql/data prefix:loc-tur- ...
2015-01-27 11:10:03,127 INFO  [jeeves.apphand] -          - SQL data file:/usr/local/apache-tomcat-7.0.55/webapps/geonetwork/WEB-INF/classes/setup/sql/data prefix:loc-vie- ...
2015-01-27 11:10:03,190 INFO  [jeeves.apphand] -          - SQL data file:/usr/local/apache-tomcat-7.0.55/webapps/geonetwork/WEB-INF/classes/setup/sql/data prefix:loc-pol- ...
2015-01-27 11:10:04,481 INFO  [jeeves.apphand] -       Setting catalogue logo for current node identified by: 14fa77e7-776e-46e2-ae50-97ff4afc002d
2015-01-27 11:10:04,485 INFO  [jeeves.apphand] -   - Thread Pool...
2015-01-27 11:10:04,488 INFO  [jeeves.apphand] -   - Setting manager...
2015-01-27 11:10:04,506 INFO  [jeeves.apphand] -   - Migration ...
2015-01-27 11:10:04,506 INFO  [jeeves.apphand] -       Webapp   version:2.10.3-0 subversion:SNAPSHOT
2015-01-27 11:10:04,506 INFO  [jeeves.apphand] -       Database version:2.10.3 subversion:0
2015-01-27 11:10:04,507 INFO  [jeeves.apphand] -       Webapp version = Database version, no migration task to apply.
2015-01-27 11:10:04,507 INFO  [jeeves.apphand] -   - Z39.50...
2015-01-27 11:10:04,531 INFO  [jeeves.apphand] -      Repositories file built from template.
2015-01-27 11:10:04,537 INFO  [org.springframework.context.support.ClassPathXmlApplicationContext] - Refreshing org.springframework.context.support.ClassPathXmlApplicationContext@46fdcbcb: startup date [Tue Jan 27 11:10:04 GMT 2015]; root of context hierarchy
2015-01-27 11:10:04,539 INFO  [org.springframework.beans.factory.xml.XmlBeanDefinitionReader] - Loading XML bean definitions from class path resource [JZkitApplicationContext.xml]
2015-01-27 11:10:04,788 INFO  [org.springframework.context.annotation.ClassPathBeanDefinitionScanner] - JSR-250 'javax.annotation.ManagedBean' found and supported for component scanning
2015-01-27 11:10:05,119 INFO  [org.springframework.context.annotation.ClassPathBeanDefinitionScanner] - JSR-250 'javax.annotation.ManagedBean' found and supported for component scanning
2015-01-27 11:10:05,121 INFO  [org.springframework.context.annotation.ClassPathBeanDefinitionScanner] - JSR-250 'javax.annotation.ManagedBean' found and supported for component scanning
2015-01-27 11:10:05,123 INFO  [org.springframework.context.annotation.ClassPathBeanDefinitionScanner] - JSR-250 'javax.annotation.ManagedBean' found and supported for component scanning
2015-01-27 11:10:05,231 INFO  [org.springframework.beans.factory.support.DefaultListableBeanFactory] - Pre-instantiating singletons in org.springframework.beans.factory.support.DefaultListableBeanFactory@6b2a4619: defining beans [JZKitZ3950PluginMetadata,org.springframework.context.annotation.internalConfigurationAnnotationProcessor,org.springframework.context.annotation.internalAutowiredAnnotationProcessor,org.springframework.context.annotation.internalRequiredAnnotationProcessor,org.springframework.context.annotation.internalCommonAnnotationProcessor,QB-CQL,org.jzkit.recordbuilder.iso2709,org.jzkit.recordbuilder.xml,org.jzkit.recordbuilder.string,messageSource,ContextGateway,OIDRegister,Z3950Listener,JZKit2SearchBackend,JZKitConfig,ProfileService,TransformationService,RecordBuilderService,StatelessQueryService,SearchSession,SearchSessionFactory,RPNToInternalRules,InternalToType1ConversionRules,org.springframework.context.annotation.ConfigurationClassPostProcessor$ImportAwareBeanPostProcessor#0]; root of factory hierarchy
2015-01-27 11:10:05,821 INFO  [jeeves.apphand] -      Server is Enabled.
2015-01-27 11:10:05,827 INFO  [jeeves.apphand] -   - Schema manager...
2015-01-27 11:10:05,827 INFO  [jeeves.apphand] - 			- Schema plugins directory: /usr/local/apache-tomcat-7.0.55/webapps/geonetwork/WEB-INF/data/config/schema_plugins
2015-01-27 11:10:05,827 INFO  [jeeves.apphand] - 			- Schema Catalog File     : /usr/local/apache-tomcat-7.0.55/webapps/geonetwork/WEB-INF/data/config/schemaplugin-uri-catalog.xml
2015-01-27 11:10:06,027 WARN  [geonetwork.schemamanager] - Cannot resolve http://www.w3.org/2001/03/xml.xsd: will append last component to current path (not sure it will help though!)
2015-01-27 11:10:06,438 WARN  [geonetwork.schemamanager] - WARNING: gco:Record is a global element without a type - assuming a string
2015-01-27 11:10:06,862 WARN  [geonetwork.schemamanager] - WARNING: gco:Record is a global element without a type - assuming a string
2015-01-27 11:10:06,869 WARN  [geonetwork.schemamanager] - WARNING: schema-substitutions.xml has wiped out XSD substitution list for gml:VerticalDatum
2015-01-27 11:10:06,874 WARN  [geonetwork.schemamanager] - WARNING: schema-substitutions.xml has wiped out XSD substitution list for gml:CoordinateSystemAxis
2015-01-27 11:10:06,877 WARN  [geonetwork.schemamanager] - WARNING: schema-substitutions.xml has wiped out XSD substitution list for gml:VerticalCS
2015-01-27 11:10:06,881 WARN  [geonetwork.schemamanager] - WARNING: schema-substitutions.xml has wiped out XSD substitution list for gml:CoordinateSystemAxis
2015-01-27 11:10:08,066 WARN  [geonetwork.schemamanager] - WARNING: gco:Record is a global element without a type - assuming a string
2015-01-27 11:10:08,078 WARN  [geonetwork.schemamanager] - WARNING: schema-substitutions.xml has wiped out XSD substitution list for gml:VerticalDatum
2015-01-27 11:10:08,084 WARN  [geonetwork.schemamanager] - WARNING: schema-substitutions.xml has wiped out XSD substitution list for gml:CoordinateSystemAxis
2015-01-27 11:10:08,087 WARN  [geonetwork.schemamanager] - WARNING: schema-substitutions.xml specified srv:SV_ServiceIdentification for element gmd:AbstractMD_Identification but the schema does not define this as a valid substitute
2015-01-27 11:10:08,088 WARN  [geonetwork.schemamanager] - WARNING: schema-substitutions.xml has wiped out XSD substitution list for gml:VerticalCS
2015-01-27 11:10:08,100 WARN  [geonetwork.schemamanager] - WARNING: schema-substitutions.xml has wiped out XSD substitution list for gml:CoordinateSystemAxis
2015-01-27 11:10:08,209 INFO  [jeeves.apphand] -   - Search...
2015-01-27 11:10:08,210 INFO  [jeeves.apphand] -   - Log spatial object: false
2015-01-27 11:10:08,210 INFO  [jeeves.apphand] -   - Log in asynch mode: true
2015-01-27 11:10:08,231 INFO  [jeeves.apphand] -   - Lucene configuration is:
2015-01-27 11:10:08,232 INFO  [jeeves.apphand] - Lucene configuration:
 * Version: LUCENE_36
 * RAMBufferSize: 48.0
 * MergeFactor: 10
 * Default analyzer: org.fao.geonet.kernel.search.GeoNetworkAnalyzer
 * Field analyzers: {operatesOn=org.fao.geonet.kernel.search.GeoNetworkAnalyzer, hasfeaturecat=org.fao.geonet.kernel.search.GeoNetworkAnalyzer, subject=org.apache.lucene.analysis.core.KeywordAnalyzer, hassource=org.fao.geonet.kernel.search.GeoNetworkAnalyzer, _groupPublished=org.apache.lucene.analysis.core.KeywordAnalyzer, _source=org.apache.lucene.analysis.core.KeywordAnalyzer, _uuid=org.fao.geonet.kernel.search.GeoNetworkAnalyzer, _cat=org.apache.lucene.analysis.core.KeywordAnalyzer, keyword=org.apache.lucene.analysis.core.KeywordAnalyzer, parentUuid=org.fao.geonet.kernel.search.GeoNetworkAnalyzer, inspirerelated=org.apache.lucene.analysis.core.KeywordAnalyzer, operatesOnIdentifier=org.fao.geonet.kernel.search.GeoNetworkAnalyzer}
 * Field search analyzers: {subject=org.apache.lucene.analysis.core.KeywordAnalyzer, hassource=org.fao.geonet.kernel.search.GeoNetworkAnalyzer, _groupPublished=org.apache.lucene.analysis.core.KeywordAnalyzer, _uuid=org.fao.geonet.kernel.search.GeoNetworkAnalyzer, parentUuid=org.fao.geonet.kernel.search.GeoNetworkAnalyzer, operatesOn=org.fao.geonet.kernel.search.GeoNetworkAnalyzer, hasfeaturecat=org.fao.geonet.kernel.search.GeoNetworkAnalyzer, _source=org.apache.lucene.analysis.core.KeywordAnalyzer, _cat=org.apache.lucene.analysis.core.KeywordAnalyzer, keyword=org.apache.lucene.analysis.core.KeywordAnalyzer, inspirerelated=org.apache.lucene.analysis.core.KeywordAnalyzer, operatesOnIdentifier=org.fao.geonet.kernel.search.GeoNetworkAnalyzer}
 * Field boost factor: {_isTemplate=0.0, _owner=0.0, _op0=0.0, _op1=0.0, _dummy=0.0, _op2=0.0}
 * Boost document class: null
 * Tokenized fields: [specificationTitle, subject, altTitle, keywordType, levelName, abstract, title, any]
 * Numeric fields: [eastBL, southBL, northBL, westBL, denominator]
 * Dump fields: {serviceType=serviceType, _isPublishedToAll=isPublishedToAll, _edit=edit, _owner=owner, responsibleParty=responsibleParty, link=link, _indexingError=idxError, language=language, _defaultTitle=defaultTitle, type=type, datasetLang=datasetLang, _isHarvested=isHarvested, _displayOrder=displayOrder, _selected=selected, _docLocale=docLocale, conditionApplyingToAccessAndUse=Constraints, _popularity=popularity, _userinfo=userinfo, _download=download, keyword=keyword, credit=credit, _indexingErrorMsg=idxMsg, _valid_xsd=valid_xsd, _notify=notify, _featured=featured, otherConstr=Constraints, image=image, _valid_schematron-rules-iso=valid_schematron-rules-iso, _ownername=ownername, _valid_schematron-rules-geonetwork=valid_schematron-rules-geonetwork, _title=title, abstract=abstract, accessConstr=Constraints, parentUuid=parentId, _isTemplate=isTemplate, _valid_schematron-rules-inspire=valid_schematron-rules-inspire, classif=SecurityConstraints, _view=view, _dynamic=dynamic, _valid=valid, spatialRepresentationType=spatialRepresentationType, _rating=rating, _source=source, _cat=category, _locale=_locale, geoBox=geoBox}
 * Search boost query: null
 * Score: 
  * trackDocScores: false 
  * trackMaxScore: false 
  * docsScoredInOrder: false 
Taxonomy configuration: [hits, results_with_summary, titles, results]
  * type: hits
{serviceType=Field: serviceType	name:serviceType	max:10	sort byCOUNT	sort order:DESCENDING, inspiretheme=Field: inspiretheme	name:inspireTheme	max:35	sort byVALUE	sort order:ASCENDIND, orgName=Field: orgName	name:orgName	max:15	sort byCOUNT	sort order:DESCENDING, spatialRepresentationType=Field: spatialRepresentationType	name:spatialRepresentationType	max:10	sort byCOUNT	sort order:DESCENDING, metadataPOC=Field: metadataPOC	name:metadataPOC	max:15	sort byCOUNT	sort order:DESCENDING, keyword=Field: keyword	name:keyword	max:15	sort byCOUNT	sort order:DESCENDING, type=Field: type	name:type	max:10	sort byCOUNT	sort order:DESCENDING, createDateYear=Field: createDateYear	name:createDateYear	max:40	sort byVALUE	sort order:DESCENDING, denominator=Field: denominator	name:denominator	max:10	sort byNUMVALUE	sort order:DESCENDING}  * type: results_with_summary
{serviceType=Field: serviceType	name:serviceType	max:10	sort byCOUNT	sort order:DESCENDING, inspiretheme=Field: inspiretheme	name:inspireTheme	max:35	sort byVALUE	sort order:ASCENDIND, orgName=Field: orgName	name:orgName	max:15	sort byCOUNT	sort order:DESCENDING, spatialRepresentationType=Field: spatialRepresentationType	name:spatialRepresentationType	max:10	sort byCOUNT	sort order:DESCENDING, metadataPOC=Field: metadataPOC	name:metadataPOC	max:15	sort byCOUNT	sort order:DESCENDING, keyword=Field: keyword	name:keyword	max:15	sort byCOUNT	sort order:DESCENDING, type=Field: type	name:type	max:10	sort byCOUNT	sort order:DESCENDING, createDateYear=Field: createDateYear	name:createDateYear	max:40	sort byCOUNT	sort order:ASCENDIND, denominator=Field: denominator	name:denominator	max:20	sort byVALUE	sort order:ASCENDIND}  * type: titles
{title=Field: title	name:title	max:100	sort byCOUNT	sort order:DESCENDING}  * type: results
{keyword=Field: keyword	name:keyword	max:100	sort byCOUNT	sort order:DESCENDING}
2015-01-27 11:10:08,232 INFO  [jeeves.apphand] - Using shapefile /usr/local/apache-tomcat-7.0.55/webapps/geonetwork/WEB-INF/data/index/spatialindex.shp
2015-01-27 11:10:08,870 INFO  [jeeves.apphand] - NOTE: Using shapefile for spatial index, this can be slow for larger catalogs
2015-01-27 11:10:09,140 WARN  [geonetwork.lucene] - Stopwords file with incorrect ISO 639-2 language as filename: README
2015-01-27 11:10:09,934 INFO  [jeeves.apphand] -   - Access manager...
2015-01-27 11:10:09,942 INFO  [jeeves.apphand] -   - Xml serializer and Data manager...
2015-01-27 11:10:10,573 WARN  [geonetwork.svnmanager] - Recreating subversion repository at /usr/local/apache-tomcat-7.0.55/webapps/geonetwork/WEB-INF/data/data/metadata_subversion as previous repository was empty
2015-01-27 11:10:11,222 INFO  [jeeves.apphand] -   - Thesaurus...
2015-01-27 11:10:11,233 INFO  [jeeves.apphand] -   - Catalogue services for the web...
2015-01-27 11:10:11,256 INFO  [jeeves.apphand] -   - Open Archive Initiative (OAI-PMH) server...
2015-01-27 11:10:11,272 INFO  [jeeves.apphand] -   - Metadata notifier ...
2015-01-27 11:10:11,272 INFO  [jeeves.apphand] -   - Metadata notifier ...
2015-01-27 11:10:11,273 INFO  [jeeves.apphand] - Site ID is : 14fa77e7-776e-46e2-ae50-97ff4afc002d
2015-01-27 11:10:11,273 INFO  [jeeves.apphand] -   - Harvest manager...
2015-01-27 11:22:44,209 INFO  [jeeves.apphand] - Stopping geonetwork...
2015-01-27 11:22:44,210 INFO  [jeeves.apphand] - shutting down CSW HarvestResponse executionService
2015-01-27 11:22:44,416 INFO  [jeeves.apphand] -   - search...
2015-01-27 11:22:44,428 INFO  [jeeves.apphand] -   - ThreadPool ...
2015-01-27 11:22:44,428 INFO  [jeeves.apphand] -   - MetadataNotifier ...
2015-01-27 11:22:44,428 INFO  [jeeves.apphand] -   - Harvest Manager...
2015-01-27 11:22:44,429 INFO  [jeeves.apphand] -   - Z39.50...
2015-01-27 11:22:44,433 ERROR [org.jzkit.z3950.server.Z3950Listener] - Problem
java.net.SocketException: Socket closed
	at java.net.PlainSocketImpl.socketAccept(Native Method)
	at java.net.AbstractPlainSocketImpl.accept(AbstractPlainSocketImpl.java:404)
	at java.net.ServerSocket.implAccept(ServerSocket.java:545)
	at java.net.ServerSocket.accept(ServerSocket.java:513)
	at org.jzkit.z3950.server.Z3950Listener.run(Z3950Listener.java:74)
2015-01-27 11:22:45,014 INFO  [jeeves.config.springutil.JeevesApplicationContext] - Closing Root WebApplicationContext: startup date [Tue Jan 27 11:09:54 GMT 2015]; root of context hierarchy
2015-01-27 11:22:45,019 INFO  [org.springframework.beans.factory.support.DefaultListableBeanFactory] - Destroying singletons in org.springframework.beans.factory.support.DefaultListableBeanFactory@26b5c5fc: defining beans [filterChainProxy,coreFilterChain,filter,preAuthenticationFilter,securityContextPersistenceFilter,authenticationManager,securityContextRepository,formLoginFilter,basicAuthenticationFilter,basicAuthenticationEntryPoint,logoutFilter,logoutSuccessHandler,requestCacheFilter,exceptionTranslationFilter,authenticationEntryPoint,accessDeniedHandler,geonetworkEncoder,geonetworkAuthenticationProvider,preFilterAuthenticationProvider,accessDecisionManager,anonymousFilter,anonymousProvider,sessionMgmtFilter,webPrivilegeEvaluatorCore,overrideWebPrivilegeEvaluator,org.springframework.security.web.access.expression.DefaultWebSecurityExpressionHandler#0,coreFilterSecurityMetadataSource,filterSecurityInterceptor,org.springframework.security.web.access.expression.DefaultWebSecurityExpressionHandler#1,url-mapping-overrides,overridefilterSecurityInterceptor,org.springframework.beans.factory.config.PropertyPlaceholderConfigurer#0,languages,RegionsDAO]; root of factory hierarchy
