2015-03-27 09:29:30,134 INFO  [jeeves.apphand] - Stopping geonetwork...
2015-03-27 09:29:30,137 INFO  [jeeves.apphand] - shutting down CSW HarvestResponse executionService
2015-03-27 09:29:30,139 INFO  [jeeves.apphand] -   - search...
2015-03-27 09:29:30,159 INFO  [jeeves.apphand] -   - ThreadPool ...
2015-03-27 09:29:30,159 INFO  [jeeves.apphand] -   - MetadataNotifier ...
2015-03-27 09:29:30,159 INFO  [jeeves.apphand] -   - Harvest Manager...
2015-03-27 09:29:30,160 INFO  [jeeves.apphand] -   - Z39.50...
2015-03-27 09:29:30,167 ERROR [org.jzkit.z3950.server.Z3950Listener] - Problem
java.net.SocketException: Socket closed
	at java.net.PlainSocketImpl.socketAccept(Native Method)
	at java.net.AbstractPlainSocketImpl.accept(AbstractPlainSocketImpl.java:404)
	at java.net.ServerSocket.implAccept(ServerSocket.java:545)
	at java.net.ServerSocket.accept(ServerSocket.java:513)
	at org.jzkit.z3950.server.Z3950Listener.run(Z3950Listener.java:74)
2015-03-27 09:29:30,219 INFO  [jeeves.config.springutil.JeevesApplicationContext] - Closing Root WebApplicationContext: startup date [Thu Mar 26 11:47:17 GMT 2015]; root of context hierarchy
2015-03-27 09:29:30,224 INFO  [org.springframework.beans.factory.support.DefaultListableBeanFactory] - Destroying singletons in org.springframework.beans.factory.support.DefaultListableBeanFactory@15db82c8: defining beans [filterChainProxy,coreFilterChain,filter,preAuthenticationFilter,securityContextPersistenceFilter,authenticationManager,securityContextRepository,formLoginFilter,basicAuthenticationFilter,basicAuthenticationEntryPoint,logoutFilter,logoutSuccessHandler,requestCacheFilter,exceptionTranslationFilter,authenticationEntryPoint,accessDeniedHandler,geonetworkEncoder,geonetworkAuthenticationProvider,preFilterAuthenticationProvider,accessDecisionManager,anonymousFilter,anonymousProvider,sessionMgmtFilter,webPrivilegeEvaluatorCore,overrideWebPrivilegeEvaluator,org.springframework.security.web.access.expression.DefaultWebSecurityExpressionHandler#0,coreFilterSecurityMetadataSource,filterSecurityInterceptor,org.springframework.security.web.access.expression.DefaultWebSecurityExpressionHandler#1,url-mapping-overrides,overridefilterSecurityInterceptor,org.springframework.beans.factory.config.PropertyPlaceholderConfigurer#0,languages,RegionsDAO]; root of factory hierarchy
2015-03-27 09:30:00,084 INFO  [jeeves] - Upload directory is: /usr/local/apache-tomcat-7.0.55/webapps/geonetwork/./data/tmp/
2015-03-27 09:30:00,094 WARN  [jeeves.dbmspool] - Using transaction isolation setting READ_COMMITTED
2015-03-27 09:30:05,544 INFO  [jeeves.service] - Service csw already exist, re-register it.
2015-03-27 09:30:05,590 INFO  [jeeves.apphand] - Initializing GeoNetwork 2.10.3-0.SNAPSHOT ...
2015-03-27 09:30:05,592 WARN  [geonetwork.data.directory] -    - Data directory initialization: null
2015-03-27 09:30:05,592 WARN  [geonetwork.data.directory] -     - Data directory properties is not set. Use geonetwork.dir or geonetwork.dir properties.
2015-03-27 09:30:05,592 WARN  [geonetwork.data.directory] -     - Data directory provided could not be used. Using default location: /usr/local/apache-tomcat-7.0.55/webapps/geonetwork/WEB-INF/data/
2015-03-27 09:30:05,593 INFO  [jeeves.apphand] - Data directory: /usr/local/apache-tomcat-7.0.55/webapps/geonetwork/WEB-INF/data/
2015-03-27 09:30:05,593 INFO  [jeeves.apphand] - jeeves.xml.catalog.files property set to /usr/local/apache-tomcat-7.0.55/webapps/geonetwork/WEB-INF/oasis-catalog.xml;/usr/local/apache-tomcat-7.0.55/webapps/geonetwork/WEB-INF/data/config/schemaplugin-uri-catalog.xml
2015-03-27 09:30:05,593 INFO  [jeeves.apphand] - jeeves.xml.catalog.blankxslfile property set to /usr/local/apache-tomcat-7.0.55/webapps/geonetwork/xsl/blanks.xsl
2015-03-27 09:30:05,593 INFO  [jeeves.apphand] - mime-mappings property set to /usr/local/apache-tomcat-7.0.55/webapps/geonetwork/WEB-INF/mime-types.properties
2015-03-27 09:30:05,686 INFO  [jeeves.apphand] -   - Database connection on jdbc:h2:geonetwork;LOCK_TIMEOUT=20000;DB_CLOSE_ON_EXIT=FALSE;MVCC=TRUE ...
2015-03-27 09:30:05,694 INFO  [jeeves.apphand] -       Found an existing GeoNetwork database.
2015-03-27 09:30:05,695 INFO  [jeeves.apphand] -   - Thread Pool...
2015-03-27 09:30:05,697 INFO  [jeeves.apphand] -   - Setting manager...
2015-03-27 09:30:05,709 INFO  [jeeves.apphand] -   - Migration ...
2015-03-27 09:30:05,709 INFO  [jeeves.apphand] -       Webapp   version:2.10.3-0 subversion:SNAPSHOT
2015-03-27 09:30:05,709 INFO  [jeeves.apphand] -       Database version:2.10.3 subversion:0
2015-03-27 09:30:05,709 INFO  [jeeves.apphand] -       Webapp version = Database version, no migration task to apply.
2015-03-27 09:30:05,710 INFO  [jeeves.apphand] -   - Z39.50...
2015-03-27 09:30:05,733 INFO  [jeeves.apphand] -      Repositories file built from template.
2015-03-27 09:30:05,735 INFO  [org.springframework.context.support.ClassPathXmlApplicationContext] - Refreshing org.springframework.context.support.ClassPathXmlApplicationContext@7ccaf6cb: startup date [Fri Mar 27 09:30:05 GMT 2015]; root of context hierarchy
2015-03-27 09:30:05,738 INFO  [org.springframework.beans.factory.xml.XmlBeanDefinitionReader] - Loading XML bean definitions from class path resource [JZkitApplicationContext.xml]
2015-03-27 09:30:05,966 INFO  [org.springframework.context.annotation.ClassPathBeanDefinitionScanner] - JSR-250 'javax.annotation.ManagedBean' found and supported for component scanning
2015-03-27 09:30:06,032 INFO  [org.springframework.context.annotation.ClassPathBeanDefinitionScanner] - JSR-250 'javax.annotation.ManagedBean' found and supported for component scanning
2015-03-27 09:30:06,034 INFO  [org.springframework.context.annotation.ClassPathBeanDefinitionScanner] - JSR-250 'javax.annotation.ManagedBean' found and supported for component scanning
2015-03-27 09:30:06,036 INFO  [org.springframework.context.annotation.ClassPathBeanDefinitionScanner] - JSR-250 'javax.annotation.ManagedBean' found and supported for component scanning
2015-03-27 09:30:06,114 INFO  [org.springframework.beans.factory.support.DefaultListableBeanFactory] - Pre-instantiating singletons in org.springframework.beans.factory.support.DefaultListableBeanFactory@7e1e45f9: defining beans [JZKitZ3950PluginMetadata,org.springframework.context.annotation.internalConfigurationAnnotationProcessor,org.springframework.context.annotation.internalAutowiredAnnotationProcessor,org.springframework.context.annotation.internalRequiredAnnotationProcessor,org.springframework.context.annotation.internalCommonAnnotationProcessor,QB-CQL,org.jzkit.recordbuilder.iso2709,org.jzkit.recordbuilder.xml,org.jzkit.recordbuilder.string,messageSource,ContextGateway,OIDRegister,Z3950Listener,JZKit2SearchBackend,JZKitConfig,ProfileService,TransformationService,RecordBuilderService,StatelessQueryService,SearchSession,SearchSessionFactory,RPNToInternalRules,InternalToType1ConversionRules,org.springframework.context.annotation.ConfigurationClassPostProcessor$ImportAwareBeanPostProcessor#0]; root of factory hierarchy
2015-03-27 09:30:06,820 INFO  [jeeves.apphand] -      Server is Enabled.
2015-03-27 09:30:06,821 INFO  [jeeves.apphand] -   - Schema manager...
2015-03-27 09:30:06,821 INFO  [jeeves.apphand] - 			- Schema plugins directory: /usr/local/apache-tomcat-7.0.55/webapps/geonetwork/WEB-INF/data/config/schema_plugins
2015-03-27 09:30:06,821 INFO  [jeeves.apphand] - 			- Schema Catalog File     : /usr/local/apache-tomcat-7.0.55/webapps/geonetwork/WEB-INF/data/config/schemaplugin-uri-catalog.xml
2015-03-27 09:30:07,571 WARN  [geonetwork.schemamanager] - Cannot resolve http://www.w3.org/2001/03/xml.xsd: will append last component to current path (not sure it will help though!)
2015-03-27 09:30:08,029 WARN  [geonetwork.schemamanager] - WARNING: gco:Record is a global element without a type - assuming a string
2015-03-27 09:30:08,401 WARN  [geonetwork.schemamanager] - WARNING: gco:Record is a global element without a type - assuming a string
2015-03-27 09:30:08,406 WARN  [geonetwork.schemamanager] - WARNING: schema-substitutions.xml has wiped out XSD substitution list for gml:VerticalDatum
2015-03-27 09:30:08,410 WARN  [geonetwork.schemamanager] - WARNING: schema-substitutions.xml has wiped out XSD substitution list for gml:CoordinateSystemAxis
2015-03-27 09:30:08,412 WARN  [geonetwork.schemamanager] - WARNING: schema-substitutions.xml has wiped out XSD substitution list for gml:VerticalCS
2015-03-27 09:30:08,418 WARN  [geonetwork.schemamanager] - WARNING: schema-substitutions.xml has wiped out XSD substitution list for gml:CoordinateSystemAxis
2015-03-27 09:30:09,952 WARN  [geonetwork.schemamanager] - WARNING: gco:Record is a global element without a type - assuming a string
2015-03-27 09:30:09,971 WARN  [geonetwork.schemamanager] - WARNING: schema-substitutions.xml has wiped out XSD substitution list for gml:VerticalDatum
2015-03-27 09:30:09,976 WARN  [geonetwork.schemamanager] - WARNING: schema-substitutions.xml has wiped out XSD substitution list for gml:CoordinateSystemAxis
2015-03-27 09:30:09,978 WARN  [geonetwork.schemamanager] - WARNING: schema-substitutions.xml specified srv:SV_ServiceIdentification for element gmd:AbstractMD_Identification but the schema does not define this as a valid substitute
2015-03-27 09:30:09,979 WARN  [geonetwork.schemamanager] - WARNING: schema-substitutions.xml has wiped out XSD substitution list for gml:VerticalCS
2015-03-27 09:30:09,986 WARN  [geonetwork.schemamanager] - WARNING: schema-substitutions.xml has wiped out XSD substitution list for gml:CoordinateSystemAxis
2015-03-27 09:30:10,085 INFO  [jeeves.apphand] -   - Search...
2015-03-27 09:30:10,086 INFO  [jeeves.apphand] -   - Log spatial object: false
2015-03-27 09:30:10,086 INFO  [jeeves.apphand] -   - Log in asynch mode: true
2015-03-27 09:30:10,122 INFO  [jeeves.apphand] -   - Lucene configuration is:
2015-03-27 09:30:10,123 INFO  [jeeves.apphand] - Lucene configuration:
 * Version: LUCENE_36
 * RAMBufferSize: 48.0
 * MergeFactor: 10
 * Default analyzer: org.fao.geonet.kernel.search.GeoNetworkAnalyzer
 * Field analyzers: {operatesOn=org.fao.geonet.kernel.search.GeoNetworkAnalyzer, hasfeaturecat=org.fao.geonet.kernel.search.GeoNetworkAnalyzer, subject=org.apache.lucene.analysis.core.KeywordAnalyzer, hassource=org.fao.geonet.kernel.search.GeoNetworkAnalyzer, _groupPublished=org.apache.lucene.analysis.core.KeywordAnalyzer, _source=org.apache.lucene.analysis.core.KeywordAnalyzer, _uuid=org.fao.geonet.kernel.search.GeoNetworkAnalyzer, _cat=org.apache.lucene.analysis.core.KeywordAnalyzer, keyword=org.apache.lucene.analysis.core.KeywordAnalyzer, parentUuid=org.fao.geonet.kernel.search.GeoNetworkAnalyzer, inspirerelated=org.apache.lucene.analysis.core.KeywordAnalyzer, operatesOnIdentifier=org.fao.geonet.kernel.search.GeoNetworkAnalyzer}
 * Field search analyzers: {subject=org.apache.lucene.analysis.core.KeywordAnalyzer, hassource=org.fao.geonet.kernel.search.GeoNetworkAnalyzer, _groupPublished=org.apache.lucene.analysis.core.KeywordAnalyzer, _uuid=org.fao.geonet.kernel.search.GeoNetworkAnalyzer, parentUuid=org.fao.geonet.kernel.search.GeoNetworkAnalyzer, operatesOn=org.fao.geonet.kernel.search.GeoNetworkAnalyzer, hasfeaturecat=org.fao.geonet.kernel.search.GeoNetworkAnalyzer, _source=org.apache.lucene.analysis.core.KeywordAnalyzer, _cat=org.apache.lucene.analysis.core.KeywordAnalyzer, keyword=org.apache.lucene.analysis.core.KeywordAnalyzer, inspirerelated=org.apache.lucene.analysis.core.KeywordAnalyzer, operatesOnIdentifier=org.fao.geonet.kernel.search.GeoNetworkAnalyzer}
 * Field boost factor: {_isTemplate=0.0, _owner=0.0, _op0=0.0, _op1=0.0, _dummy=0.0, _op2=0.0}
 * Boost document class: null
 * Tokenized fields: [specificationTitle, subject, altTitle, keywordType, levelName, abstract, title, any]
 * Numeric fields: [eastBL, southBL, northBL, westBL, denominator]
 * Dump fields: {serviceType=serviceType, _isPublishedToAll=isPublishedToAll, _edit=edit, _owner=owner, responsibleParty=responsibleParty, link=link, _indexingError=idxError, language=language, _defaultTitle=defaultTitle, type=type, datasetLang=datasetLang, _isHarvested=isHarvested, _displayOrder=displayOrder, _selected=selected, _docLocale=docLocale, conditionApplyingToAccessAndUse=Constraints, _popularity=popularity, _userinfo=userinfo, _download=download, keyword=keyword, credit=credit, _indexingErrorMsg=idxMsg, _valid_xsd=valid_xsd, _notify=notify, _featured=featured, otherConstr=Constraints, image=image, _valid_schematron-rules-iso=valid_schematron-rules-iso, _ownername=ownername, _valid_schematron-rules-geonetwork=valid_schematron-rules-geonetwork, _title=title, abstract=abstract, accessConstr=Constraints, parentUuid=parentId, _isTemplate=isTemplate, _valid_schematron-rules-inspire=valid_schematron-rules-inspire, classif=SecurityConstraints, _view=view, _dynamic=dynamic, _valid=valid, spatialRepresentationType=spatialRepresentationType, _rating=rating, _source=source, _cat=category, _locale=_locale, geoBox=geoBox}
 * Search boost query: null
 * Score: 
  * trackDocScores: false 
  * trackMaxScore: false 
  * docsScoredInOrder: false 
Taxonomy configuration: [hits, results_with_summary, titles, results]
  * type: hits
{serviceType=Field: serviceType	name:serviceType	max:10	sort byCOUNT	sort order:DESCENDING, inspiretheme=Field: inspiretheme	name:inspireTheme	max:35	sort byVALUE	sort order:ASCENDIND, orgName=Field: orgName	name:orgName	max:15	sort byCOUNT	sort order:DESCENDING, spatialRepresentationType=Field: spatialRepresentationType	name:spatialRepresentationType	max:10	sort byCOUNT	sort order:DESCENDING, metadataPOC=Field: metadataPOC	name:metadataPOC	max:15	sort byCOUNT	sort order:DESCENDING, keyword=Field: keyword	name:keyword	max:15	sort byCOUNT	sort order:DESCENDING, type=Field: type	name:type	max:10	sort byCOUNT	sort order:DESCENDING, createDateYear=Field: createDateYear	name:createDateYear	max:40	sort byVALUE	sort order:DESCENDING, denominator=Field: denominator	name:denominator	max:10	sort byNUMVALUE	sort order:DESCENDING}  * type: results_with_summary
{serviceType=Field: serviceType	name:serviceType	max:10	sort byCOUNT	sort order:DESCENDING, inspiretheme=Field: inspiretheme	name:inspireTheme	max:35	sort byVALUE	sort order:ASCENDIND, orgName=Field: orgName	name:orgName	max:15	sort byCOUNT	sort order:DESCENDING, spatialRepresentationType=Field: spatialRepresentationType	name:spatialRepresentationType	max:10	sort byCOUNT	sort order:DESCENDING, metadataPOC=Field: metadataPOC	name:metadataPOC	max:15	sort byCOUNT	sort order:DESCENDING, keyword=Field: keyword	name:keyword	max:15	sort byCOUNT	sort order:DESCENDING, type=Field: type	name:type	max:10	sort byCOUNT	sort order:DESCENDING, createDateYear=Field: createDateYear	name:createDateYear	max:40	sort byCOUNT	sort order:ASCENDIND, denominator=Field: denominator	name:denominator	max:20	sort byVALUE	sort order:ASCENDIND}  * type: titles
{title=Field: title	name:title	max:100	sort byCOUNT	sort order:DESCENDING}  * type: results
{keyword=Field: keyword	name:keyword	max:100	sort byCOUNT	sort order:DESCENDING}
2015-03-27 09:30:10,123 INFO  [jeeves.apphand] - Using shapefile /usr/local/apache-tomcat-7.0.55/webapps/geonetwork/WEB-INF/data/index/spatialindex.shp
2015-03-27 09:30:10,819 INFO  [jeeves.apphand] - NOTE: Using shapefile for spatial index, this can be slow for larger catalogs
2015-03-27 09:30:11,196 WARN  [geonetwork.lucene] - Stopwords file with incorrect ISO 639-2 language as filename: README
2015-03-27 09:30:12,007 INFO  [jeeves.apphand] -   - Access manager...
2015-03-27 09:30:12,014 INFO  [jeeves.apphand] -   - Xml serializer and Data manager...
2015-03-27 09:30:13,179 INFO  [jeeves.apphand] -   - Thesaurus...
2015-03-27 09:30:13,192 INFO  [jeeves.apphand] -   - Catalogue services for the web...
2015-03-27 09:30:13,213 INFO  [jeeves.apphand] -   - Open Archive Initiative (OAI-PMH) server...
2015-03-27 09:30:13,229 INFO  [jeeves.apphand] -   - Metadata notifier ...
2015-03-27 09:30:13,229 INFO  [jeeves.apphand] -   - Metadata notifier ...
2015-03-27 09:30:13,229 INFO  [jeeves.apphand] - Site ID is : a9486d1f-6a10-4bfd-b72e-5831bb83c39b
2015-03-27 09:30:13,229 INFO  [jeeves.apphand] -   - Harvest manager...
2015-03-27 10:35:58,507 INFO  [jeeves.apphand] - Stopping geonetwork...
2015-03-27 10:35:58,508 INFO  [jeeves.apphand] - shutting down CSW HarvestResponse executionService
2015-03-27 10:35:58,510 INFO  [jeeves.apphand] -   - search...
2015-03-27 10:35:58,523 INFO  [jeeves.apphand] -   - ThreadPool ...
2015-03-27 10:35:58,524 INFO  [jeeves.apphand] -   - MetadataNotifier ...
2015-03-27 10:35:58,524 INFO  [jeeves.apphand] -   - Harvest Manager...
2015-03-27 10:35:58,525 INFO  [jeeves.apphand] -   - Z39.50...
2015-03-27 10:35:58,528 ERROR [org.jzkit.z3950.server.Z3950Listener] - Problem
java.net.SocketException: Socket closed
	at java.net.PlainSocketImpl.socketAccept(Native Method)
	at java.net.AbstractPlainSocketImpl.accept(AbstractPlainSocketImpl.java:404)
	at java.net.ServerSocket.implAccept(ServerSocket.java:545)
	at java.net.ServerSocket.accept(ServerSocket.java:513)
	at org.jzkit.z3950.server.Z3950Listener.run(Z3950Listener.java:74)
2015-03-27 10:35:58,567 INFO  [jeeves.config.springutil.JeevesApplicationContext] - Closing Root WebApplicationContext: startup date [Fri Mar 27 09:29:57 GMT 2015]; root of context hierarchy
2015-03-27 10:35:58,579 INFO  [org.springframework.beans.factory.support.DefaultListableBeanFactory] - Destroying singletons in org.springframework.beans.factory.support.DefaultListableBeanFactory@26b5c5fc: defining beans [filterChainProxy,coreFilterChain,filter,preAuthenticationFilter,securityContextPersistenceFilter,authenticationManager,securityContextRepository,formLoginFilter,basicAuthenticationFilter,basicAuthenticationEntryPoint,logoutFilter,logoutSuccessHandler,requestCacheFilter,exceptionTranslationFilter,authenticationEntryPoint,accessDeniedHandler,geonetworkEncoder,geonetworkAuthenticationProvider,preFilterAuthenticationProvider,accessDecisionManager,anonymousFilter,anonymousProvider,sessionMgmtFilter,webPrivilegeEvaluatorCore,overrideWebPrivilegeEvaluator,org.springframework.security.web.access.expression.DefaultWebSecurityExpressionHandler#0,coreFilterSecurityMetadataSource,filterSecurityInterceptor,org.springframework.security.web.access.expression.DefaultWebSecurityExpressionHandler#1,url-mapping-overrides,overridefilterSecurityInterceptor,org.springframework.beans.factory.config.PropertyPlaceholderConfigurer#0,languages,RegionsDAO]; root of factory hierarchy
2015-03-27 10:36:27,061 INFO  [jeeves] - Upload directory is: /usr/local/apache-tomcat-7.0.55/webapps/geonetwork/./data/tmp/
2015-03-27 10:36:27,073 WARN  [jeeves.dbmspool] - Using transaction isolation setting READ_COMMITTED
2015-03-27 10:36:32,140 INFO  [jeeves.service] - Service csw already exist, re-register it.
2015-03-27 10:36:32,186 INFO  [jeeves.apphand] - Initializing GeoNetwork 2.10.3-0.SNAPSHOT ...
2015-03-27 10:36:32,188 WARN  [geonetwork.data.directory] -    - Data directory initialization: null
2015-03-27 10:36:32,188 WARN  [geonetwork.data.directory] -     - Data directory properties is not set. Use geonetwork.dir or geonetwork.dir properties.
2015-03-27 10:36:32,188 WARN  [geonetwork.data.directory] -     - Data directory provided could not be used. Using default location: /usr/local/apache-tomcat-7.0.55/webapps/geonetwork/WEB-INF/data/
2015-03-27 10:36:32,189 INFO  [jeeves.apphand] - Data directory: /usr/local/apache-tomcat-7.0.55/webapps/geonetwork/WEB-INF/data/
2015-03-27 10:36:32,189 INFO  [jeeves.apphand] - jeeves.xml.catalog.files property set to /usr/local/apache-tomcat-7.0.55/webapps/geonetwork/WEB-INF/oasis-catalog.xml;/usr/local/apache-tomcat-7.0.55/webapps/geonetwork/WEB-INF/data/config/schemaplugin-uri-catalog.xml
2015-03-27 10:36:32,189 INFO  [jeeves.apphand] - jeeves.xml.catalog.blankxslfile property set to /usr/local/apache-tomcat-7.0.55/webapps/geonetwork/xsl/blanks.xsl
2015-03-27 10:36:32,189 INFO  [jeeves.apphand] - mime-mappings property set to /usr/local/apache-tomcat-7.0.55/webapps/geonetwork/WEB-INF/mime-types.properties
2015-03-27 10:36:32,277 INFO  [jeeves.apphand] -   - Database connection on jdbc:h2:geonetwork;LOCK_TIMEOUT=20000;DB_CLOSE_ON_EXIT=FALSE;MVCC=TRUE ...
2015-03-27 10:36:32,284 INFO  [jeeves.apphand] -       Found an existing GeoNetwork database.
2015-03-27 10:36:32,284 INFO  [jeeves.apphand] -   - Thread Pool...
2015-03-27 10:36:32,288 INFO  [jeeves.apphand] -   - Setting manager...
2015-03-27 10:36:32,301 INFO  [jeeves.apphand] -   - Migration ...
2015-03-27 10:36:32,301 INFO  [jeeves.apphand] -       Webapp   version:2.10.3-0 subversion:SNAPSHOT
2015-03-27 10:36:32,301 INFO  [jeeves.apphand] -       Database version:2.10.3 subversion:0
2015-03-27 10:36:32,302 INFO  [jeeves.apphand] -       Webapp version = Database version, no migration task to apply.
2015-03-27 10:36:32,302 INFO  [jeeves.apphand] -   - Z39.50...
2015-03-27 10:36:32,321 INFO  [jeeves.apphand] -      Repositories file built from template.
2015-03-27 10:36:32,323 INFO  [org.springframework.context.support.ClassPathXmlApplicationContext] - Refreshing org.springframework.context.support.ClassPathXmlApplicationContext@57ff2777: startup date [Fri Mar 27 10:36:32 GMT 2015]; root of context hierarchy
2015-03-27 10:36:32,325 INFO  [org.springframework.beans.factory.xml.XmlBeanDefinitionReader] - Loading XML bean definitions from class path resource [JZkitApplicationContext.xml]
2015-03-27 10:36:32,547 INFO  [org.springframework.context.annotation.ClassPathBeanDefinitionScanner] - JSR-250 'javax.annotation.ManagedBean' found and supported for component scanning
2015-03-27 10:36:32,610 INFO  [org.springframework.context.annotation.ClassPathBeanDefinitionScanner] - JSR-250 'javax.annotation.ManagedBean' found and supported for component scanning
2015-03-27 10:36:32,613 INFO  [org.springframework.context.annotation.ClassPathBeanDefinitionScanner] - JSR-250 'javax.annotation.ManagedBean' found and supported for component scanning
2015-03-27 10:36:32,615 INFO  [org.springframework.context.annotation.ClassPathBeanDefinitionScanner] - JSR-250 'javax.annotation.ManagedBean' found and supported for component scanning
2015-03-27 10:36:32,707 INFO  [org.springframework.beans.factory.support.DefaultListableBeanFactory] - Pre-instantiating singletons in org.springframework.beans.factory.support.DefaultListableBeanFactory@59cc4b45: defining beans [JZKitZ3950PluginMetadata,org.springframework.context.annotation.internalConfigurationAnnotationProcessor,org.springframework.context.annotation.internalAutowiredAnnotationProcessor,org.springframework.context.annotation.internalRequiredAnnotationProcessor,org.springframework.context.annotation.internalCommonAnnotationProcessor,QB-CQL,org.jzkit.recordbuilder.iso2709,org.jzkit.recordbuilder.xml,org.jzkit.recordbuilder.string,messageSource,ContextGateway,OIDRegister,Z3950Listener,JZKit2SearchBackend,JZKitConfig,ProfileService,TransformationService,RecordBuilderService,StatelessQueryService,SearchSession,SearchSessionFactory,RPNToInternalRules,InternalToType1ConversionRules,org.springframework.context.annotation.ConfigurationClassPostProcessor$ImportAwareBeanPostProcessor#0]; root of factory hierarchy
2015-03-27 10:36:33,381 INFO  [jeeves.apphand] -      Server is Enabled.
2015-03-27 10:36:33,383 INFO  [jeeves.apphand] -   - Schema manager...
2015-03-27 10:36:33,383 INFO  [jeeves.apphand] - 			- Schema plugins directory: /usr/local/apache-tomcat-7.0.55/webapps/geonetwork/WEB-INF/data/config/schema_plugins
2015-03-27 10:36:33,383 INFO  [jeeves.apphand] - 			- Schema Catalog File     : /usr/local/apache-tomcat-7.0.55/webapps/geonetwork/WEB-INF/data/config/schemaplugin-uri-catalog.xml
2015-03-27 10:36:34,423 WARN  [geonetwork.schemamanager] - Cannot resolve http://www.w3.org/2001/03/xml.xsd: will append last component to current path (not sure it will help though!)
2015-03-27 10:36:34,773 WARN  [geonetwork.schemamanager] - WARNING: gco:Record is a global element without a type - assuming a string
2015-03-27 10:36:35,039 WARN  [geonetwork.schemamanager] - WARNING: gco:Record is a global element without a type - assuming a string
2015-03-27 10:36:35,046 WARN  [geonetwork.schemamanager] - WARNING: schema-substitutions.xml has wiped out XSD substitution list for gml:VerticalDatum
2015-03-27 10:36:35,049 WARN  [geonetwork.schemamanager] - WARNING: schema-substitutions.xml has wiped out XSD substitution list for gml:CoordinateSystemAxis
2015-03-27 10:36:35,052 WARN  [geonetwork.schemamanager] - WARNING: schema-substitutions.xml has wiped out XSD substitution list for gml:VerticalCS
2015-03-27 10:36:35,056 WARN  [geonetwork.schemamanager] - WARNING: schema-substitutions.xml has wiped out XSD substitution list for gml:CoordinateSystemAxis
2015-03-27 10:36:36,086 WARN  [geonetwork.schemamanager] - WARNING: gco:Record is a global element without a type - assuming a string
2015-03-27 10:36:36,094 WARN  [geonetwork.schemamanager] - WARNING: schema-substitutions.xml has wiped out XSD substitution list for gml:VerticalDatum
2015-03-27 10:36:36,099 WARN  [geonetwork.schemamanager] - WARNING: schema-substitutions.xml has wiped out XSD substitution list for gml:CoordinateSystemAxis
2015-03-27 10:36:36,101 WARN  [geonetwork.schemamanager] - WARNING: schema-substitutions.xml specified srv:SV_ServiceIdentification for element gmd:AbstractMD_Identification but the schema does not define this as a valid substitute
2015-03-27 10:36:36,102 WARN  [geonetwork.schemamanager] - WARNING: schema-substitutions.xml has wiped out XSD substitution list for gml:VerticalCS
2015-03-27 10:36:36,107 WARN  [geonetwork.schemamanager] - WARNING: schema-substitutions.xml has wiped out XSD substitution list for gml:CoordinateSystemAxis
2015-03-27 10:36:36,300 INFO  [jeeves.apphand] -   - Search...
2015-03-27 10:36:36,301 INFO  [jeeves.apphand] -   - Log spatial object: false
2015-03-27 10:36:36,301 INFO  [jeeves.apphand] -   - Log in asynch mode: true
2015-03-27 10:36:36,320 INFO  [jeeves.apphand] -   - Lucene configuration is:
2015-03-27 10:36:36,321 INFO  [jeeves.apphand] - Lucene configuration:
 * Version: LUCENE_36
 * RAMBufferSize: 48.0
 * MergeFactor: 10
 * Default analyzer: org.fao.geonet.kernel.search.GeoNetworkAnalyzer
 * Field analyzers: {operatesOn=org.fao.geonet.kernel.search.GeoNetworkAnalyzer, hasfeaturecat=org.fao.geonet.kernel.search.GeoNetworkAnalyzer, subject=org.apache.lucene.analysis.core.KeywordAnalyzer, hassource=org.fao.geonet.kernel.search.GeoNetworkAnalyzer, _groupPublished=org.apache.lucene.analysis.core.KeywordAnalyzer, _source=org.apache.lucene.analysis.core.KeywordAnalyzer, _uuid=org.fao.geonet.kernel.search.GeoNetworkAnalyzer, _cat=org.apache.lucene.analysis.core.KeywordAnalyzer, keyword=org.apache.lucene.analysis.core.KeywordAnalyzer, parentUuid=org.fao.geonet.kernel.search.GeoNetworkAnalyzer, inspirerelated=org.apache.lucene.analysis.core.KeywordAnalyzer, operatesOnIdentifier=org.fao.geonet.kernel.search.GeoNetworkAnalyzer}
 * Field search analyzers: {subject=org.apache.lucene.analysis.core.KeywordAnalyzer, hassource=org.fao.geonet.kernel.search.GeoNetworkAnalyzer, _groupPublished=org.apache.lucene.analysis.core.KeywordAnalyzer, _uuid=org.fao.geonet.kernel.search.GeoNetworkAnalyzer, parentUuid=org.fao.geonet.kernel.search.GeoNetworkAnalyzer, operatesOn=org.fao.geonet.kernel.search.GeoNetworkAnalyzer, hasfeaturecat=org.fao.geonet.kernel.search.GeoNetworkAnalyzer, _source=org.apache.lucene.analysis.core.KeywordAnalyzer, _cat=org.apache.lucene.analysis.core.KeywordAnalyzer, keyword=org.apache.lucene.analysis.core.KeywordAnalyzer, inspirerelated=org.apache.lucene.analysis.core.KeywordAnalyzer, operatesOnIdentifier=org.fao.geonet.kernel.search.GeoNetworkAnalyzer}
 * Field boost factor: {_isTemplate=0.0, _owner=0.0, _op0=0.0, _op1=0.0, _dummy=0.0, _op2=0.0}
 * Boost document class: null
 * Tokenized fields: [specificationTitle, subject, altTitle, keywordType, levelName, abstract, title, any]
 * Numeric fields: [eastBL, southBL, northBL, westBL, denominator]
 * Dump fields: {serviceType=serviceType, _isPublishedToAll=isPublishedToAll, _edit=edit, _owner=owner, responsibleParty=responsibleParty, link=link, _indexingError=idxError, language=language, _defaultTitle=defaultTitle, type=type, datasetLang=datasetLang, _isHarvested=isHarvested, _displayOrder=displayOrder, _selected=selected, _docLocale=docLocale, conditionApplyingToAccessAndUse=Constraints, _popularity=popularity, _userinfo=userinfo, _download=download, keyword=keyword, credit=credit, _indexingErrorMsg=idxMsg, _valid_xsd=valid_xsd, _notify=notify, _featured=featured, otherConstr=Constraints, image=image, _valid_schematron-rules-iso=valid_schematron-rules-iso, _ownername=ownername, _valid_schematron-rules-geonetwork=valid_schematron-rules-geonetwork, _title=title, abstract=abstract, accessConstr=Constraints, parentUuid=parentId, _isTemplate=isTemplate, _valid_schematron-rules-inspire=valid_schematron-rules-inspire, classif=SecurityConstraints, _view=view, _dynamic=dynamic, _valid=valid, spatialRepresentationType=spatialRepresentationType, _rating=rating, _source=source, _cat=category, _locale=_locale, geoBox=geoBox}
 * Search boost query: null
 * Score: 
  * trackDocScores: false 
  * trackMaxScore: false 
  * docsScoredInOrder: false 
Taxonomy configuration: [hits, results_with_summary, titles, results]
  * type: hits
{serviceType=Field: serviceType	name:serviceType	max:10	sort byCOUNT	sort order:DESCENDING, inspiretheme=Field: inspiretheme	name:inspireTheme	max:35	sort byVALUE	sort order:ASCENDIND, orgName=Field: orgName	name:orgName	max:15	sort byCOUNT	sort order:DESCENDING, spatialRepresentationType=Field: spatialRepresentationType	name:spatialRepresentationType	max:10	sort byCOUNT	sort order:DESCENDING, metadataPOC=Field: metadataPOC	name:metadataPOC	max:15	sort byCOUNT	sort order:DESCENDING, keyword=Field: keyword	name:keyword	max:15	sort byCOUNT	sort order:DESCENDING, type=Field: type	name:type	max:10	sort byCOUNT	sort order:DESCENDING, createDateYear=Field: createDateYear	name:createDateYear	max:40	sort byVALUE	sort order:DESCENDING, denominator=Field: denominator	name:denominator	max:10	sort byNUMVALUE	sort order:DESCENDING}  * type: results_with_summary
{serviceType=Field: serviceType	name:serviceType	max:10	sort byCOUNT	sort order:DESCENDING, inspiretheme=Field: inspiretheme	name:inspireTheme	max:35	sort byVALUE	sort order:ASCENDIND, orgName=Field: orgName	name:orgName	max:15	sort byCOUNT	sort order:DESCENDING, spatialRepresentationType=Field: spatialRepresentationType	name:spatialRepresentationType	max:10	sort byCOUNT	sort order:DESCENDING, metadataPOC=Field: metadataPOC	name:metadataPOC	max:15	sort byCOUNT	sort order:DESCENDING, keyword=Field: keyword	name:keyword	max:15	sort byCOUNT	sort order:DESCENDING, type=Field: type	name:type	max:10	sort byCOUNT	sort order:DESCENDING, createDateYear=Field: createDateYear	name:createDateYear	max:40	sort byCOUNT	sort order:ASCENDIND, denominator=Field: denominator	name:denominator	max:20	sort byVALUE	sort order:ASCENDIND}  * type: titles
{title=Field: title	name:title	max:100	sort byCOUNT	sort order:DESCENDING}  * type: results
{keyword=Field: keyword	name:keyword	max:100	sort byCOUNT	sort order:DESCENDING}
2015-03-27 10:36:36,322 INFO  [jeeves.apphand] - Using shapefile /usr/local/apache-tomcat-7.0.55/webapps/geonetwork/WEB-INF/data/index/spatialindex.shp
2015-03-27 10:36:36,873 INFO  [jeeves.apphand] - NOTE: Using shapefile for spatial index, this can be slow for larger catalogs
2015-03-27 10:36:37,205 WARN  [geonetwork.lucene] - Stopwords file with incorrect ISO 639-2 language as filename: README
2015-03-27 10:36:37,893 INFO  [jeeves.apphand] -   - Access manager...
2015-03-27 10:36:37,895 INFO  [jeeves.apphand] -   - Xml serializer and Data manager...
2015-03-27 10:36:39,006 INFO  [jeeves.apphand] -   - Thesaurus...
2015-03-27 10:36:39,017 INFO  [jeeves.apphand] -   - Catalogue services for the web...
2015-03-27 10:36:39,043 INFO  [jeeves.apphand] -   - Open Archive Initiative (OAI-PMH) server...
2015-03-27 10:36:39,058 INFO  [jeeves.apphand] -   - Metadata notifier ...
2015-03-27 10:36:39,058 INFO  [jeeves.apphand] -   - Metadata notifier ...
2015-03-27 10:36:39,059 INFO  [jeeves.apphand] - Site ID is : a9486d1f-6a10-4bfd-b72e-5831bb83c39b
2015-03-27 10:36:39,059 INFO  [jeeves.apphand] -   - Harvest manager...
2015-03-27 10:42:17,260 INFO  [jeeves.apphand] - Stopping geonetwork...
2015-03-27 10:42:17,261 INFO  [jeeves.apphand] - shutting down CSW HarvestResponse executionService
2015-03-27 10:42:17,263 INFO  [jeeves.apphand] -   - search...
2015-03-27 10:42:17,278 INFO  [jeeves.apphand] -   - ThreadPool ...
2015-03-27 10:42:17,278 INFO  [jeeves.apphand] -   - MetadataNotifier ...
2015-03-27 10:42:17,279 INFO  [jeeves.apphand] -   - Harvest Manager...
2015-03-27 10:42:17,279 INFO  [jeeves.apphand] -   - Z39.50...
2015-03-27 10:42:17,281 ERROR [org.jzkit.z3950.server.Z3950Listener] - Problem
java.net.SocketException: Socket closed
	at java.net.PlainSocketImpl.socketAccept(Native Method)
	at java.net.AbstractPlainSocketImpl.accept(AbstractPlainSocketImpl.java:404)
	at java.net.ServerSocket.implAccept(ServerSocket.java:545)
	at java.net.ServerSocket.accept(ServerSocket.java:513)
	at org.jzkit.z3950.server.Z3950Listener.run(Z3950Listener.java:74)
2015-03-27 10:42:17,305 INFO  [jeeves.config.springutil.JeevesApplicationContext] - Closing Root WebApplicationContext: startup date [Fri Mar 27 10:36:24 GMT 2015]; root of context hierarchy
2015-03-27 10:42:17,313 INFO  [org.springframework.beans.factory.support.DefaultListableBeanFactory] - Destroying singletons in org.springframework.beans.factory.support.DefaultListableBeanFactory@4faecee5: defining beans [filterChainProxy,coreFilterChain,filter,preAuthenticationFilter,securityContextPersistenceFilter,authenticationManager,securityContextRepository,formLoginFilter,basicAuthenticationFilter,basicAuthenticationEntryPoint,logoutFilter,logoutSuccessHandler,requestCacheFilter,exceptionTranslationFilter,authenticationEntryPoint,accessDeniedHandler,geonetworkEncoder,geonetworkAuthenticationProvider,preFilterAuthenticationProvider,accessDecisionManager,anonymousFilter,anonymousProvider,sessionMgmtFilter,webPrivilegeEvaluatorCore,overrideWebPrivilegeEvaluator,org.springframework.security.web.access.expression.DefaultWebSecurityExpressionHandler#0,coreFilterSecurityMetadataSource,filterSecurityInterceptor,org.springframework.security.web.access.expression.DefaultWebSecurityExpressionHandler#1,url-mapping-overrides,overridefilterSecurityInterceptor,org.springframework.beans.factory.config.PropertyPlaceholderConfigurer#0,languages,RegionsDAO]; root of factory hierarchy
2015-03-27 10:42:35,260 INFO  [jeeves] - Upload directory is: /usr/local/apache-tomcat-7.0.55/webapps/geonetwork/./data/tmp/
2015-03-27 10:42:35,272 WARN  [jeeves.dbmspool] - Using transaction isolation setting READ_COMMITTED
2015-03-27 10:42:40,498 INFO  [jeeves.service] - Service csw already exist, re-register it.
2015-03-27 10:42:40,544 INFO  [jeeves.apphand] - Initializing GeoNetwork 2.10.3-0.SNAPSHOT ...
2015-03-27 10:42:40,546 WARN  [geonetwork.data.directory] -    - Data directory initialization: null
2015-03-27 10:42:40,546 WARN  [geonetwork.data.directory] -     - Data directory properties is not set. Use geonetwork.dir or geonetwork.dir properties.
2015-03-27 10:42:40,547 WARN  [geonetwork.data.directory] -     - Data directory provided could not be used. Using default location: /usr/local/apache-tomcat-7.0.55/webapps/geonetwork/WEB-INF/data/
2015-03-27 10:42:40,547 INFO  [jeeves.apphand] - Data directory: /usr/local/apache-tomcat-7.0.55/webapps/geonetwork/WEB-INF/data/
2015-03-27 10:42:40,547 INFO  [jeeves.apphand] - jeeves.xml.catalog.files property set to /usr/local/apache-tomcat-7.0.55/webapps/geonetwork/WEB-INF/oasis-catalog.xml;/usr/local/apache-tomcat-7.0.55/webapps/geonetwork/WEB-INF/data/config/schemaplugin-uri-catalog.xml
2015-03-27 10:42:40,547 INFO  [jeeves.apphand] - jeeves.xml.catalog.blankxslfile property set to /usr/local/apache-tomcat-7.0.55/webapps/geonetwork/xsl/blanks.xsl
2015-03-27 10:42:40,547 INFO  [jeeves.apphand] - mime-mappings property set to /usr/local/apache-tomcat-7.0.55/webapps/geonetwork/WEB-INF/mime-types.properties
2015-03-27 10:42:40,652 INFO  [jeeves.apphand] -   - Database connection on jdbc:h2:geonetwork;LOCK_TIMEOUT=20000;DB_CLOSE_ON_EXIT=FALSE;MVCC=TRUE ...
2015-03-27 10:42:40,665 INFO  [jeeves.apphand] -       Found an existing GeoNetwork database.
2015-03-27 10:42:40,666 INFO  [jeeves.apphand] -   - Thread Pool...
2015-03-27 10:42:40,667 INFO  [jeeves.apphand] -   - Setting manager...
2015-03-27 10:42:40,680 INFO  [jeeves.apphand] -   - Migration ...
2015-03-27 10:42:40,681 INFO  [jeeves.apphand] -       Webapp   version:2.10.3-0 subversion:SNAPSHOT
2015-03-27 10:42:40,681 INFO  [jeeves.apphand] -       Database version:2.10.3 subversion:0
2015-03-27 10:42:40,681 INFO  [jeeves.apphand] -       Webapp version = Database version, no migration task to apply.
2015-03-27 10:42:40,682 INFO  [jeeves.apphand] -   - Z39.50...
2015-03-27 10:42:40,701 INFO  [jeeves.apphand] -      Repositories file built from template.
2015-03-27 10:42:40,704 INFO  [org.springframework.context.support.ClassPathXmlApplicationContext] - Refreshing org.springframework.context.support.ClassPathXmlApplicationContext@5565497d: startup date [Fri Mar 27 10:42:40 GMT 2015]; root of context hierarchy
2015-03-27 10:42:40,706 INFO  [org.springframework.beans.factory.xml.XmlBeanDefinitionReader] - Loading XML bean definitions from class path resource [JZkitApplicationContext.xml]
2015-03-27 10:42:40,904 INFO  [org.springframework.context.annotation.ClassPathBeanDefinitionScanner] - JSR-250 'javax.annotation.ManagedBean' found and supported for component scanning
2015-03-27 10:42:40,972 INFO  [org.springframework.context.annotation.ClassPathBeanDefinitionScanner] - JSR-250 'javax.annotation.ManagedBean' found and supported for component scanning
2015-03-27 10:42:40,974 INFO  [org.springframework.context.annotation.ClassPathBeanDefinitionScanner] - JSR-250 'javax.annotation.ManagedBean' found and supported for component scanning
2015-03-27 10:42:40,977 INFO  [org.springframework.context.annotation.ClassPathBeanDefinitionScanner] - JSR-250 'javax.annotation.ManagedBean' found and supported for component scanning
2015-03-27 10:42:41,073 INFO  [org.springframework.beans.factory.support.DefaultListableBeanFactory] - Pre-instantiating singletons in org.springframework.beans.factory.support.DefaultListableBeanFactory@4ebb67ea: defining beans [JZKitZ3950PluginMetadata,org.springframework.context.annotation.internalConfigurationAnnotationProcessor,org.springframework.context.annotation.internalAutowiredAnnotationProcessor,org.springframework.context.annotation.internalRequiredAnnotationProcessor,org.springframework.context.annotation.internalCommonAnnotationProcessor,QB-CQL,org.jzkit.recordbuilder.iso2709,org.jzkit.recordbuilder.xml,org.jzkit.recordbuilder.string,messageSource,ContextGateway,OIDRegister,Z3950Listener,JZKit2SearchBackend,JZKitConfig,ProfileService,TransformationService,RecordBuilderService,StatelessQueryService,SearchSession,SearchSessionFactory,RPNToInternalRules,InternalToType1ConversionRules,org.springframework.context.annotation.ConfigurationClassPostProcessor$ImportAwareBeanPostProcessor#0]; root of factory hierarchy
2015-03-27 10:42:41,699 INFO  [jeeves.apphand] -      Server is Enabled.
2015-03-27 10:42:41,701 INFO  [jeeves.apphand] -   - Schema manager...
2015-03-27 10:42:41,701 INFO  [jeeves.apphand] - 			- Schema plugins directory: /usr/local/apache-tomcat-7.0.55/webapps/geonetwork/WEB-INF/data/config/schema_plugins
2015-03-27 10:42:41,701 INFO  [jeeves.apphand] - 			- Schema Catalog File     : /usr/local/apache-tomcat-7.0.55/webapps/geonetwork/WEB-INF/data/config/schemaplugin-uri-catalog.xml
2015-03-27 10:42:42,085 WARN  [geonetwork.schemamanager] - Cannot resolve http://www.w3.org/2001/03/xml.xsd: will append last component to current path (not sure it will help though!)
2015-03-27 10:42:42,337 WARN  [geonetwork.schemamanager] - WARNING: gco:Record is a global element without a type - assuming a string
2015-03-27 10:42:42,542 WARN  [geonetwork.schemamanager] - WARNING: gco:Record is a global element without a type - assuming a string
2015-03-27 10:42:42,547 WARN  [geonetwork.schemamanager] - WARNING: schema-substitutions.xml has wiped out XSD substitution list for gml:VerticalDatum
2015-03-27 10:42:42,550 WARN  [geonetwork.schemamanager] - WARNING: schema-substitutions.xml has wiped out XSD substitution list for gml:CoordinateSystemAxis
2015-03-27 10:42:42,552 WARN  [geonetwork.schemamanager] - WARNING: schema-substitutions.xml has wiped out XSD substitution list for gml:VerticalCS
2015-03-27 10:42:42,556 WARN  [geonetwork.schemamanager] - WARNING: schema-substitutions.xml has wiped out XSD substitution list for gml:CoordinateSystemAxis
2015-03-27 10:42:43,460 WARN  [geonetwork.schemamanager] - WARNING: gco:Record is a global element without a type - assuming a string
2015-03-27 10:42:43,470 WARN  [geonetwork.schemamanager] - WARNING: schema-substitutions.xml has wiped out XSD substitution list for gml:VerticalDatum
2015-03-27 10:42:43,474 WARN  [geonetwork.schemamanager] - WARNING: schema-substitutions.xml has wiped out XSD substitution list for gml:CoordinateSystemAxis
2015-03-27 10:42:43,476 WARN  [geonetwork.schemamanager] - WARNING: schema-substitutions.xml specified srv:SV_ServiceIdentification for element gmd:AbstractMD_Identification but the schema does not define this as a valid substitute
2015-03-27 10:42:43,477 WARN  [geonetwork.schemamanager] - WARNING: schema-substitutions.xml has wiped out XSD substitution list for gml:VerticalCS
2015-03-27 10:42:43,482 WARN  [geonetwork.schemamanager] - WARNING: schema-substitutions.xml has wiped out XSD substitution list for gml:CoordinateSystemAxis
2015-03-27 10:42:43,563 INFO  [jeeves.apphand] -   - Search...
2015-03-27 10:42:43,563 INFO  [jeeves.apphand] -   - Log spatial object: false
2015-03-27 10:42:43,563 INFO  [jeeves.apphand] -   - Log in asynch mode: true
2015-03-27 10:42:43,582 INFO  [jeeves.apphand] -   - Lucene configuration is:
2015-03-27 10:42:43,583 INFO  [jeeves.apphand] - Lucene configuration:
 * Version: LUCENE_36
 * RAMBufferSize: 48.0
 * MergeFactor: 10
 * Default analyzer: org.fao.geonet.kernel.search.GeoNetworkAnalyzer
 * Field analyzers: {operatesOn=org.fao.geonet.kernel.search.GeoNetworkAnalyzer, hasfeaturecat=org.fao.geonet.kernel.search.GeoNetworkAnalyzer, subject=org.apache.lucene.analysis.core.KeywordAnalyzer, hassource=org.fao.geonet.kernel.search.GeoNetworkAnalyzer, _groupPublished=org.apache.lucene.analysis.core.KeywordAnalyzer, _source=org.apache.lucene.analysis.core.KeywordAnalyzer, _uuid=org.fao.geonet.kernel.search.GeoNetworkAnalyzer, _cat=org.apache.lucene.analysis.core.KeywordAnalyzer, keyword=org.apache.lucene.analysis.core.KeywordAnalyzer, parentUuid=org.fao.geonet.kernel.search.GeoNetworkAnalyzer, inspirerelated=org.apache.lucene.analysis.core.KeywordAnalyzer, operatesOnIdentifier=org.fao.geonet.kernel.search.GeoNetworkAnalyzer}
 * Field search analyzers: {subject=org.apache.lucene.analysis.core.KeywordAnalyzer, hassource=org.fao.geonet.kernel.search.GeoNetworkAnalyzer, _groupPublished=org.apache.lucene.analysis.core.KeywordAnalyzer, _uuid=org.fao.geonet.kernel.search.GeoNetworkAnalyzer, parentUuid=org.fao.geonet.kernel.search.GeoNetworkAnalyzer, operatesOn=org.fao.geonet.kernel.search.GeoNetworkAnalyzer, hasfeaturecat=org.fao.geonet.kernel.search.GeoNetworkAnalyzer, _source=org.apache.lucene.analysis.core.KeywordAnalyzer, _cat=org.apache.lucene.analysis.core.KeywordAnalyzer, keyword=org.apache.lucene.analysis.core.KeywordAnalyzer, inspirerelated=org.apache.lucene.analysis.core.KeywordAnalyzer, operatesOnIdentifier=org.fao.geonet.kernel.search.GeoNetworkAnalyzer}
 * Field boost factor: {_isTemplate=0.0, _owner=0.0, _op0=0.0, _op1=0.0, _dummy=0.0, _op2=0.0}
 * Boost document class: null
 * Tokenized fields: [specificationTitle, subject, altTitle, keywordType, levelName, abstract, title, any]
 * Numeric fields: [eastBL, southBL, northBL, westBL, denominator]
 * Dump fields: {serviceType=serviceType, _isPublishedToAll=isPublishedToAll, _edit=edit, _owner=owner, responsibleParty=responsibleParty, link=link, _indexingError=idxError, language=language, _defaultTitle=defaultTitle, type=type, datasetLang=datasetLang, _isHarvested=isHarvested, _displayOrder=displayOrder, _selected=selected, _docLocale=docLocale, conditionApplyingToAccessAndUse=Constraints, _popularity=popularity, _userinfo=userinfo, _download=download, keyword=keyword, credit=credit, _indexingErrorMsg=idxMsg, _valid_xsd=valid_xsd, _notify=notify, _featured=featured, otherConstr=Constraints, image=image, _valid_schematron-rules-iso=valid_schematron-rules-iso, _ownername=ownername, _valid_schematron-rules-geonetwork=valid_schematron-rules-geonetwork, _title=title, abstract=abstract, accessConstr=Constraints, parentUuid=parentId, _isTemplate=isTemplate, _valid_schematron-rules-inspire=valid_schematron-rules-inspire, classif=SecurityConstraints, _view=view, _dynamic=dynamic, _valid=valid, spatialRepresentationType=spatialRepresentationType, _rating=rating, _source=source, _cat=category, _locale=_locale, geoBox=geoBox}
 * Search boost query: null
 * Score: 
  * trackDocScores: false 
  * trackMaxScore: false 
  * docsScoredInOrder: false 
Taxonomy configuration: [hits, results_with_summary, titles, results]
  * type: hits
{serviceType=Field: serviceType	name:serviceType	max:10	sort byCOUNT	sort order:DESCENDING, inspiretheme=Field: inspiretheme	name:inspireTheme	max:35	sort byVALUE	sort order:ASCENDIND, orgName=Field: orgName	name:orgName	max:15	sort byCOUNT	sort order:DESCENDING, spatialRepresentationType=Field: spatialRepresentationType	name:spatialRepresentationType	max:10	sort byCOUNT	sort order:DESCENDING, metadataPOC=Field: metadataPOC	name:metadataPOC	max:15	sort byCOUNT	sort order:DESCENDING, keyword=Field: keyword	name:keyword	max:15	sort byCOUNT	sort order:DESCENDING, type=Field: type	name:type	max:10	sort byCOUNT	sort order:DESCENDING, createDateYear=Field: createDateYear	name:createDateYear	max:40	sort byVALUE	sort order:DESCENDING, denominator=Field: denominator	name:denominator	max:10	sort byNUMVALUE	sort order:DESCENDING}  * type: results_with_summary
{serviceType=Field: serviceType	name:serviceType	max:10	sort byCOUNT	sort order:DESCENDING, inspiretheme=Field: inspiretheme	name:inspireTheme	max:35	sort byVALUE	sort order:ASCENDIND, orgName=Field: orgName	name:orgName	max:15	sort byCOUNT	sort order:DESCENDING, spatialRepresentationType=Field: spatialRepresentationType	name:spatialRepresentationType	max:10	sort byCOUNT	sort order:DESCENDING, metadataPOC=Field: metadataPOC	name:metadataPOC	max:15	sort byCOUNT	sort order:DESCENDING, keyword=Field: keyword	name:keyword	max:15	sort byCOUNT	sort order:DESCENDING, type=Field: type	name:type	max:10	sort byCOUNT	sort order:DESCENDING, createDateYear=Field: createDateYear	name:createDateYear	max:40	sort byCOUNT	sort order:ASCENDIND, denominator=Field: denominator	name:denominator	max:20	sort byVALUE	sort order:ASCENDIND}  * type: titles
{title=Field: title	name:title	max:100	sort byCOUNT	sort order:DESCENDING}  * type: results
{keyword=Field: keyword	name:keyword	max:100	sort byCOUNT	sort order:DESCENDING}
2015-03-27 10:42:43,583 INFO  [jeeves.apphand] - Using shapefile /usr/local/apache-tomcat-7.0.55/webapps/geonetwork/WEB-INF/data/index/spatialindex.shp
2015-03-27 10:42:44,115 INFO  [jeeves.apphand] - NOTE: Using shapefile for spatial index, this can be slow for larger catalogs
2015-03-27 10:42:44,396 WARN  [geonetwork.lucene] - Stopwords file with incorrect ISO 639-2 language as filename: README
2015-03-27 10:42:45,057 INFO  [jeeves.apphand] -   - Access manager...
2015-03-27 10:42:45,058 INFO  [jeeves.apphand] -   - Xml serializer and Data manager...
2015-03-27 10:42:46,056 INFO  [jeeves.apphand] -   - Thesaurus...
2015-03-27 10:42:46,068 INFO  [jeeves.apphand] -   - Catalogue services for the web...
2015-03-27 10:42:46,090 INFO  [jeeves.apphand] -   - Open Archive Initiative (OAI-PMH) server...
2015-03-27 10:42:46,104 INFO  [jeeves.apphand] -   - Metadata notifier ...
2015-03-27 10:42:46,104 INFO  [jeeves.apphand] -   - Metadata notifier ...
2015-03-27 10:42:46,105 INFO  [jeeves.apphand] - Site ID is : a9486d1f-6a10-4bfd-b72e-5831bb83c39b
2015-03-27 10:42:46,105 INFO  [jeeves.apphand] -   - Harvest manager...
2015-03-27 11:39:23,083 INFO  [jeeves.apphand] - Stopping geonetwork...
2015-03-27 11:39:23,084 INFO  [jeeves.apphand] - shutting down CSW HarvestResponse executionService
2015-03-27 11:39:23,086 INFO  [jeeves.apphand] -   - search...
2015-03-27 11:39:23,099 INFO  [jeeves.apphand] -   - ThreadPool ...
2015-03-27 11:39:23,099 INFO  [jeeves.apphand] -   - MetadataNotifier ...
2015-03-27 11:39:23,100 INFO  [jeeves.apphand] -   - Harvest Manager...
2015-03-27 11:39:23,100 INFO  [jeeves.apphand] -   - Z39.50...
2015-03-27 11:39:23,102 ERROR [org.jzkit.z3950.server.Z3950Listener] - Problem
java.net.SocketException: Socket closed
	at java.net.PlainSocketImpl.socketAccept(Native Method)
	at java.net.AbstractPlainSocketImpl.accept(AbstractPlainSocketImpl.java:404)
	at java.net.ServerSocket.implAccept(ServerSocket.java:545)
	at java.net.ServerSocket.accept(ServerSocket.java:513)
	at org.jzkit.z3950.server.Z3950Listener.run(Z3950Listener.java:74)
2015-03-27 11:39:23,131 INFO  [jeeves.config.springutil.JeevesApplicationContext] - Closing Root WebApplicationContext: startup date [Fri Mar 27 10:42:33 GMT 2015]; root of context hierarchy
2015-03-27 11:39:23,138 INFO  [org.springframework.beans.factory.support.DefaultListableBeanFactory] - Destroying singletons in org.springframework.beans.factory.support.DefaultListableBeanFactory@6f4831f6: defining beans [filterChainProxy,coreFilterChain,filter,preAuthenticationFilter,securityContextPersistenceFilter,authenticationManager,securityContextRepository,formLoginFilter,basicAuthenticationFilter,basicAuthenticationEntryPoint,logoutFilter,logoutSuccessHandler,requestCacheFilter,exceptionTranslationFilter,authenticationEntryPoint,accessDeniedHandler,geonetworkEncoder,geonetworkAuthenticationProvider,preFilterAuthenticationProvider,accessDecisionManager,anonymousFilter,anonymousProvider,sessionMgmtFilter,webPrivilegeEvaluatorCore,overrideWebPrivilegeEvaluator,org.springframework.security.web.access.expression.DefaultWebSecurityExpressionHandler#0,coreFilterSecurityMetadataSource,filterSecurityInterceptor,org.springframework.security.web.access.expression.DefaultWebSecurityExpressionHandler#1,url-mapping-overrides,overridefilterSecurityInterceptor,org.springframework.beans.factory.config.PropertyPlaceholderConfigurer#0,languages,RegionsDAO]; root of factory hierarchy
2015-03-27 11:41:22,381 INFO  [jeeves] - Upload directory is: /usr/local/apache-tomcat-7.0.55/webapps/geonetwork/./data/tmp/
2015-03-27 11:41:22,399 WARN  [jeeves.dbmspool] - Using transaction isolation setting READ_COMMITTED
2015-03-27 11:41:27,958 INFO  [jeeves.service] - Service csw already exist, re-register it.
2015-03-27 11:41:28,009 INFO  [jeeves.apphand] - Initializing GeoNetwork 2.10.3-0.SNAPSHOT ...
2015-03-27 11:41:28,011 WARN  [geonetwork.data.directory] -    - Data directory initialization: null
2015-03-27 11:41:28,011 WARN  [geonetwork.data.directory] -     - Data directory properties is not set. Use geonetwork.dir or geonetwork.dir properties.
2015-03-27 11:41:28,011 WARN  [geonetwork.data.directory] -     - Data directory provided could not be used. Using default location: /usr/local/apache-tomcat-7.0.55/webapps/geonetwork/WEB-INF/data/
2015-03-27 11:41:28,011 INFO  [jeeves.apphand] - Data directory: /usr/local/apache-tomcat-7.0.55/webapps/geonetwork/WEB-INF/data/
2015-03-27 11:41:28,011 INFO  [jeeves.apphand] - jeeves.xml.catalog.files property set to /usr/local/apache-tomcat-7.0.55/webapps/geonetwork/WEB-INF/oasis-catalog.xml;/usr/local/apache-tomcat-7.0.55/webapps/geonetwork/WEB-INF/data/config/schemaplugin-uri-catalog.xml
2015-03-27 11:41:28,011 INFO  [jeeves.apphand] - jeeves.xml.catalog.blankxslfile property set to /usr/local/apache-tomcat-7.0.55/webapps/geonetwork/xsl/blanks.xsl
2015-03-27 11:41:28,011 INFO  [jeeves.apphand] - mime-mappings property set to /usr/local/apache-tomcat-7.0.55/webapps/geonetwork/WEB-INF/mime-types.properties
2015-03-27 11:41:28,099 INFO  [jeeves.apphand] -   - Database connection on jdbc:h2:geonetwork;LOCK_TIMEOUT=20000;DB_CLOSE_ON_EXIT=FALSE;MVCC=TRUE ...
2015-03-27 11:41:28,106 INFO  [jeeves.apphand] -       Found an existing GeoNetwork database.
2015-03-27 11:41:28,106 INFO  [jeeves.apphand] -   - Thread Pool...
2015-03-27 11:41:28,107 INFO  [jeeves.apphand] -   - Setting manager...
2015-03-27 11:41:28,120 INFO  [jeeves.apphand] -   - Migration ...
2015-03-27 11:41:28,120 INFO  [jeeves.apphand] -       Webapp   version:2.10.3-0 subversion:SNAPSHOT
2015-03-27 11:41:28,120 INFO  [jeeves.apphand] -       Database version:2.10.3 subversion:0
2015-03-27 11:41:28,120 INFO  [jeeves.apphand] -       Webapp version = Database version, no migration task to apply.
2015-03-27 11:41:28,121 INFO  [jeeves.apphand] -   - Z39.50...
2015-03-27 11:41:28,145 INFO  [jeeves.apphand] -      Repositories file built from template.
2015-03-27 11:41:28,148 INFO  [org.springframework.context.support.ClassPathXmlApplicationContext] - Refreshing org.springframework.context.support.ClassPathXmlApplicationContext@753dfd56: startup date [Fri Mar 27 11:41:28 GMT 2015]; root of context hierarchy
2015-03-27 11:41:28,150 INFO  [org.springframework.beans.factory.xml.XmlBeanDefinitionReader] - Loading XML bean definitions from class path resource [JZkitApplicationContext.xml]
2015-03-27 11:41:28,344 INFO  [org.springframework.context.annotation.ClassPathBeanDefinitionScanner] - JSR-250 'javax.annotation.ManagedBean' found and supported for component scanning
2015-03-27 11:41:28,424 INFO  [org.springframework.context.annotation.ClassPathBeanDefinitionScanner] - JSR-250 'javax.annotation.ManagedBean' found and supported for component scanning
2015-03-27 11:41:28,429 INFO  [org.springframework.context.annotation.ClassPathBeanDefinitionScanner] - JSR-250 'javax.annotation.ManagedBean' found and supported for component scanning
2015-03-27 11:41:28,432 INFO  [org.springframework.context.annotation.ClassPathBeanDefinitionScanner] - JSR-250 'javax.annotation.ManagedBean' found and supported for component scanning
2015-03-27 11:41:28,523 INFO  [org.springframework.beans.factory.support.DefaultListableBeanFactory] - Pre-instantiating singletons in org.springframework.beans.factory.support.DefaultListableBeanFactory@161860a3: defining beans [JZKitZ3950PluginMetadata,org.springframework.context.annotation.internalConfigurationAnnotationProcessor,org.springframework.context.annotation.internalAutowiredAnnotationProcessor,org.springframework.context.annotation.internalRequiredAnnotationProcessor,org.springframework.context.annotation.internalCommonAnnotationProcessor,QB-CQL,org.jzkit.recordbuilder.iso2709,org.jzkit.recordbuilder.xml,org.jzkit.recordbuilder.string,messageSource,ContextGateway,OIDRegister,Z3950Listener,JZKit2SearchBackend,JZKitConfig,ProfileService,TransformationService,RecordBuilderService,StatelessQueryService,SearchSession,SearchSessionFactory,RPNToInternalRules,InternalToType1ConversionRules,org.springframework.context.annotation.ConfigurationClassPostProcessor$ImportAwareBeanPostProcessor#0]; root of factory hierarchy
2015-03-27 11:41:29,188 INFO  [jeeves.apphand] -      Server is Enabled.
2015-03-27 11:41:29,190 INFO  [jeeves.apphand] -   - Schema manager...
2015-03-27 11:41:29,190 INFO  [jeeves.apphand] - 			- Schema plugins directory: /usr/local/apache-tomcat-7.0.55/webapps/geonetwork/WEB-INF/data/config/schema_plugins
2015-03-27 11:41:29,190 INFO  [jeeves.apphand] - 			- Schema Catalog File     : /usr/local/apache-tomcat-7.0.55/webapps/geonetwork/WEB-INF/data/config/schemaplugin-uri-catalog.xml
2015-03-27 11:41:29,740 WARN  [geonetwork.schemamanager] - Cannot resolve http://www.w3.org/2001/03/xml.xsd: will append last component to current path (not sure it will help though!)
2015-03-27 11:41:30,099 WARN  [geonetwork.schemamanager] - WARNING: gco:Record is a global element without a type - assuming a string
2015-03-27 11:41:30,360 WARN  [geonetwork.schemamanager] - WARNING: gco:Record is a global element without a type - assuming a string
2015-03-27 11:41:30,366 WARN  [geonetwork.schemamanager] - WARNING: schema-substitutions.xml has wiped out XSD substitution list for gml:VerticalDatum
2015-03-27 11:41:30,369 WARN  [geonetwork.schemamanager] - WARNING: schema-substitutions.xml has wiped out XSD substitution list for gml:CoordinateSystemAxis
2015-03-27 11:41:30,371 WARN  [geonetwork.schemamanager] - WARNING: schema-substitutions.xml has wiped out XSD substitution list for gml:VerticalCS
2015-03-27 11:41:30,376 WARN  [geonetwork.schemamanager] - WARNING: schema-substitutions.xml has wiped out XSD substitution list for gml:CoordinateSystemAxis
2015-03-27 11:41:31,388 WARN  [geonetwork.schemamanager] - WARNING: gco:Record is a global element without a type - assuming a string
2015-03-27 11:41:31,397 WARN  [geonetwork.schemamanager] - WARNING: schema-substitutions.xml has wiped out XSD substitution list for gml:VerticalDatum
2015-03-27 11:41:31,403 WARN  [geonetwork.schemamanager] - WARNING: schema-substitutions.xml has wiped out XSD substitution list for gml:CoordinateSystemAxis
2015-03-27 11:41:31,406 WARN  [geonetwork.schemamanager] - WARNING: schema-substitutions.xml specified srv:SV_ServiceIdentification for element gmd:AbstractMD_Identification but the schema does not define this as a valid substitute
2015-03-27 11:41:31,406 WARN  [geonetwork.schemamanager] - WARNING: schema-substitutions.xml has wiped out XSD substitution list for gml:VerticalCS
2015-03-27 11:41:31,415 WARN  [geonetwork.schemamanager] - WARNING: schema-substitutions.xml has wiped out XSD substitution list for gml:CoordinateSystemAxis
2015-03-27 11:41:31,495 INFO  [jeeves.apphand] -   - Search...
2015-03-27 11:41:31,495 INFO  [jeeves.apphand] -   - Log spatial object: false
2015-03-27 11:41:31,495 INFO  [jeeves.apphand] -   - Log in asynch mode: true
2015-03-27 11:41:31,515 INFO  [jeeves.apphand] -   - Lucene configuration is:
2015-03-27 11:41:31,516 INFO  [jeeves.apphand] - Lucene configuration:
 * Version: LUCENE_36
 * RAMBufferSize: 48.0
 * MergeFactor: 10
 * Default analyzer: org.fao.geonet.kernel.search.GeoNetworkAnalyzer
 * Field analyzers: {operatesOn=org.fao.geonet.kernel.search.GeoNetworkAnalyzer, hasfeaturecat=org.fao.geonet.kernel.search.GeoNetworkAnalyzer, subject=org.apache.lucene.analysis.core.KeywordAnalyzer, hassource=org.fao.geonet.kernel.search.GeoNetworkAnalyzer, _groupPublished=org.apache.lucene.analysis.core.KeywordAnalyzer, _source=org.apache.lucene.analysis.core.KeywordAnalyzer, _uuid=org.fao.geonet.kernel.search.GeoNetworkAnalyzer, _cat=org.apache.lucene.analysis.core.KeywordAnalyzer, keyword=org.apache.lucene.analysis.core.KeywordAnalyzer, parentUuid=org.fao.geonet.kernel.search.GeoNetworkAnalyzer, inspirerelated=org.apache.lucene.analysis.core.KeywordAnalyzer, operatesOnIdentifier=org.fao.geonet.kernel.search.GeoNetworkAnalyzer}
 * Field search analyzers: {subject=org.apache.lucene.analysis.core.KeywordAnalyzer, hassource=org.fao.geonet.kernel.search.GeoNetworkAnalyzer, _groupPublished=org.apache.lucene.analysis.core.KeywordAnalyzer, _uuid=org.fao.geonet.kernel.search.GeoNetworkAnalyzer, parentUuid=org.fao.geonet.kernel.search.GeoNetworkAnalyzer, operatesOn=org.fao.geonet.kernel.search.GeoNetworkAnalyzer, hasfeaturecat=org.fao.geonet.kernel.search.GeoNetworkAnalyzer, _source=org.apache.lucene.analysis.core.KeywordAnalyzer, _cat=org.apache.lucene.analysis.core.KeywordAnalyzer, keyword=org.apache.lucene.analysis.core.KeywordAnalyzer, inspirerelated=org.apache.lucene.analysis.core.KeywordAnalyzer, operatesOnIdentifier=org.fao.geonet.kernel.search.GeoNetworkAnalyzer}
 * Field boost factor: {_isTemplate=0.0, _owner=0.0, _op0=0.0, _op1=0.0, _dummy=0.0, _op2=0.0}
 * Boost document class: null
 * Tokenized fields: [specificationTitle, subject, altTitle, keywordType, levelName, abstract, title, any]
 * Numeric fields: [eastBL, southBL, northBL, westBL, denominator]
 * Dump fields: {serviceType=serviceType, _isPublishedToAll=isPublishedToAll, _edit=edit, _owner=owner, responsibleParty=responsibleParty, link=link, _indexingError=idxError, language=language, _defaultTitle=defaultTitle, type=type, datasetLang=datasetLang, _isHarvested=isHarvested, _displayOrder=displayOrder, _selected=selected, _docLocale=docLocale, conditionApplyingToAccessAndUse=Constraints, _popularity=popularity, _userinfo=userinfo, _download=download, keyword=keyword, credit=credit, _indexingErrorMsg=idxMsg, _valid_xsd=valid_xsd, _notify=notify, _featured=featured, otherConstr=Constraints, image=image, _valid_schematron-rules-iso=valid_schematron-rules-iso, _ownername=ownername, _valid_schematron-rules-geonetwork=valid_schematron-rules-geonetwork, _title=title, abstract=abstract, accessConstr=Constraints, parentUuid=parentId, _isTemplate=isTemplate, _valid_schematron-rules-inspire=valid_schematron-rules-inspire, classif=SecurityConstraints, _view=view, _dynamic=dynamic, _valid=valid, spatialRepresentationType=spatialRepresentationType, _rating=rating, _source=source, _cat=category, _locale=_locale, geoBox=geoBox}
 * Search boost query: null
 * Score: 
  * trackDocScores: false 
  * trackMaxScore: false 
  * docsScoredInOrder: false 
Taxonomy configuration: [hits, results_with_summary, titles, results]
  * type: hits
{serviceType=Field: serviceType	name:serviceType	max:10	sort byCOUNT	sort order:DESCENDING, inspiretheme=Field: inspiretheme	name:inspireTheme	max:35	sort byVALUE	sort order:ASCENDIND, orgName=Field: orgName	name:orgName	max:15	sort byCOUNT	sort order:DESCENDING, spatialRepresentationType=Field: spatialRepresentationType	name:spatialRepresentationType	max:10	sort byCOUNT	sort order:DESCENDING, metadataPOC=Field: metadataPOC	name:metadataPOC	max:15	sort byCOUNT	sort order:DESCENDING, keyword=Field: keyword	name:keyword	max:15	sort byCOUNT	sort order:DESCENDING, type=Field: type	name:type	max:10	sort byCOUNT	sort order:DESCENDING, createDateYear=Field: createDateYear	name:createDateYear	max:40	sort byVALUE	sort order:DESCENDING, denominator=Field: denominator	name:denominator	max:10	sort byNUMVALUE	sort order:DESCENDING}  * type: results_with_summary
{serviceType=Field: serviceType	name:serviceType	max:10	sort byCOUNT	sort order:DESCENDING, inspiretheme=Field: inspiretheme	name:inspireTheme	max:35	sort byVALUE	sort order:ASCENDIND, orgName=Field: orgName	name:orgName	max:15	sort byCOUNT	sort order:DESCENDING, spatialRepresentationType=Field: spatialRepresentationType	name:spatialRepresentationType	max:10	sort byCOUNT	sort order:DESCENDING, metadataPOC=Field: metadataPOC	name:metadataPOC	max:15	sort byCOUNT	sort order:DESCENDING, keyword=Field: keyword	name:keyword	max:15	sort byCOUNT	sort order:DESCENDING, type=Field: type	name:type	max:10	sort byCOUNT	sort order:DESCENDING, createDateYear=Field: createDateYear	name:createDateYear	max:40	sort byCOUNT	sort order:ASCENDIND, denominator=Field: denominator	name:denominator	max:20	sort byVALUE	sort order:ASCENDIND}  * type: titles
{title=Field: title	name:title	max:100	sort byCOUNT	sort order:DESCENDING}  * type: results
{keyword=Field: keyword	name:keyword	max:100	sort byCOUNT	sort order:DESCENDING}
2015-03-27 11:41:31,516 INFO  [jeeves.apphand] - Using shapefile /usr/local/apache-tomcat-7.0.55/webapps/geonetwork/WEB-INF/data/index/spatialindex.shp
2015-03-27 11:41:32,211 INFO  [jeeves.apphand] - NOTE: Using shapefile for spatial index, this can be slow for larger catalogs
2015-03-27 11:41:32,482 WARN  [geonetwork.lucene] - Stopwords file with incorrect ISO 639-2 language as filename: README
2015-03-27 11:41:33,199 INFO  [jeeves.apphand] -   - Access manager...
2015-03-27 11:41:33,206 INFO  [jeeves.apphand] -   - Xml serializer and Data manager...
2015-03-27 11:41:34,274 INFO  [jeeves.apphand] -   - Thesaurus...
2015-03-27 11:41:34,287 INFO  [jeeves.apphand] -   - Catalogue services for the web...
2015-03-27 11:41:34,310 INFO  [jeeves.apphand] -   - Open Archive Initiative (OAI-PMH) server...
2015-03-27 11:41:34,329 INFO  [jeeves.apphand] -   - Metadata notifier ...
2015-03-27 11:41:34,329 INFO  [jeeves.apphand] -   - Metadata notifier ...
2015-03-27 11:41:34,329 INFO  [jeeves.apphand] - Site ID is : a9486d1f-6a10-4bfd-b72e-5831bb83c39b
2015-03-27 11:41:34,329 INFO  [jeeves.apphand] -   - Harvest manager...
2015-03-27 11:42:30,558 INFO  [jeeves.apphand] - Stopping geonetwork...
2015-03-27 11:42:30,559 INFO  [jeeves.apphand] - shutting down CSW HarvestResponse executionService
2015-03-27 11:42:30,560 INFO  [jeeves.apphand] -   - search...
2015-03-27 11:42:30,572 INFO  [jeeves.apphand] -   - ThreadPool ...
2015-03-27 11:42:30,572 INFO  [jeeves.apphand] -   - MetadataNotifier ...
2015-03-27 11:42:30,572 INFO  [jeeves.apphand] -   - Harvest Manager...
2015-03-27 11:42:30,573 INFO  [jeeves.apphand] -   - Z39.50...
2015-03-27 11:42:30,575 ERROR [org.jzkit.z3950.server.Z3950Listener] - Problem
java.net.SocketException: Socket closed
	at java.net.PlainSocketImpl.socketAccept(Native Method)
	at java.net.AbstractPlainSocketImpl.accept(AbstractPlainSocketImpl.java:404)
	at java.net.ServerSocket.implAccept(ServerSocket.java:545)
	at java.net.ServerSocket.accept(ServerSocket.java:513)
	at org.jzkit.z3950.server.Z3950Listener.run(Z3950Listener.java:74)
2015-03-27 11:42:30,611 INFO  [jeeves.config.springutil.JeevesApplicationContext] - Closing Root WebApplicationContext: startup date [Fri Mar 27 11:41:20 GMT 2015]; root of context hierarchy
2015-03-27 11:42:30,617 INFO  [org.springframework.beans.factory.support.DefaultListableBeanFactory] - Destroying singletons in org.springframework.beans.factory.support.DefaultListableBeanFactory@15db82c8: defining beans [filterChainProxy,coreFilterChain,filter,preAuthenticationFilter,securityContextPersistenceFilter,authenticationManager,securityContextRepository,formLoginFilter,basicAuthenticationFilter,basicAuthenticationEntryPoint,logoutFilter,logoutSuccessHandler,requestCacheFilter,exceptionTranslationFilter,authenticationEntryPoint,accessDeniedHandler,geonetworkEncoder,geonetworkAuthenticationProvider,preFilterAuthenticationProvider,accessDecisionManager,anonymousFilter,anonymousProvider,sessionMgmtFilter,webPrivilegeEvaluatorCore,overrideWebPrivilegeEvaluator,org.springframework.security.web.access.expression.DefaultWebSecurityExpressionHandler#0,coreFilterSecurityMetadataSource,filterSecurityInterceptor,org.springframework.security.web.access.expression.DefaultWebSecurityExpressionHandler#1,url-mapping-overrides,overridefilterSecurityInterceptor,org.springframework.beans.factory.config.PropertyPlaceholderConfigurer#0,languages,RegionsDAO]; root of factory hierarchy
2015-03-27 11:43:19,708 INFO  [jeeves] - Upload directory is: /usr/local/apache-tomcat-7.0.55/webapps/geonetwork/./data/tmp/
2015-03-27 11:43:19,719 WARN  [jeeves.dbmspool] - Using transaction isolation setting READ_COMMITTED
2015-03-27 11:43:25,862 INFO  [jeeves.service] - Service csw already exist, re-register it.
2015-03-27 11:43:25,953 INFO  [jeeves.apphand] - Initializing GeoNetwork 2.10.3-0.SNAPSHOT ...
2015-03-27 11:43:25,955 WARN  [geonetwork.data.directory] -    - Data directory initialization: null
2015-03-27 11:43:25,955 WARN  [geonetwork.data.directory] -     - Data directory properties is not set. Use geonetwork.dir or geonetwork.dir properties.
2015-03-27 11:43:25,955 WARN  [geonetwork.data.directory] -     - Data directory provided could not be used. Using default location: /usr/local/apache-tomcat-7.0.55/webapps/geonetwork/WEB-INF/data/
2015-03-27 11:43:25,956 INFO  [jeeves.apphand] - Data directory: /usr/local/apache-tomcat-7.0.55/webapps/geonetwork/WEB-INF/data/
2015-03-27 11:43:25,956 INFO  [jeeves.apphand] - jeeves.xml.catalog.files property set to /usr/local/apache-tomcat-7.0.55/webapps/geonetwork/WEB-INF/oasis-catalog.xml;/usr/local/apache-tomcat-7.0.55/webapps/geonetwork/WEB-INF/data/config/schemaplugin-uri-catalog.xml
2015-03-27 11:43:25,956 INFO  [jeeves.apphand] - jeeves.xml.catalog.blankxslfile property set to /usr/local/apache-tomcat-7.0.55/webapps/geonetwork/xsl/blanks.xsl
2015-03-27 11:43:25,956 INFO  [jeeves.apphand] - mime-mappings property set to /usr/local/apache-tomcat-7.0.55/webapps/geonetwork/WEB-INF/mime-types.properties
2015-03-27 11:43:26,091 INFO  [jeeves.apphand] -   - Database connection on jdbc:h2:geonetwork;LOCK_TIMEOUT=20000;DB_CLOSE_ON_EXIT=FALSE;MVCC=TRUE ...
2015-03-27 11:43:26,101 INFO  [jeeves.apphand] -       Found an existing GeoNetwork database.
2015-03-27 11:43:26,105 INFO  [jeeves.apphand] -   - Thread Pool...
2015-03-27 11:43:26,107 INFO  [jeeves.apphand] -   - Setting manager...
2015-03-27 11:43:26,149 INFO  [jeeves.apphand] -   - Migration ...
2015-03-27 11:43:26,150 INFO  [jeeves.apphand] -       Webapp   version:2.10.3-0 subversion:SNAPSHOT
2015-03-27 11:43:26,150 INFO  [jeeves.apphand] -       Database version:2.10.3 subversion:0
2015-03-27 11:43:26,150 INFO  [jeeves.apphand] -       Webapp version = Database version, no migration task to apply.
2015-03-27 11:43:26,151 INFO  [jeeves.apphand] -   - Z39.50...
2015-03-27 11:43:26,185 INFO  [jeeves.apphand] -      Repositories file built from template.
2015-03-27 11:43:26,188 INFO  [org.springframework.context.support.ClassPathXmlApplicationContext] - Refreshing org.springframework.context.support.ClassPathXmlApplicationContext@753dfd56: startup date [Fri Mar 27 11:43:26 GMT 2015]; root of context hierarchy
2015-03-27 11:43:26,190 INFO  [org.springframework.beans.factory.xml.XmlBeanDefinitionReader] - Loading XML bean definitions from class path resource [JZkitApplicationContext.xml]
2015-03-27 11:43:26,539 INFO  [org.springframework.context.annotation.ClassPathBeanDefinitionScanner] - JSR-250 'javax.annotation.ManagedBean' found and supported for component scanning
2015-03-27 11:43:26,624 INFO  [org.springframework.context.annotation.ClassPathBeanDefinitionScanner] - JSR-250 'javax.annotation.ManagedBean' found and supported for component scanning
2015-03-27 11:43:26,627 INFO  [org.springframework.context.annotation.ClassPathBeanDefinitionScanner] - JSR-250 'javax.annotation.ManagedBean' found and supported for component scanning
2015-03-27 11:43:26,629 INFO  [org.springframework.context.annotation.ClassPathBeanDefinitionScanner] - JSR-250 'javax.annotation.ManagedBean' found and supported for component scanning
2015-03-27 11:43:26,744 INFO  [org.springframework.beans.factory.support.DefaultListableBeanFactory] - Pre-instantiating singletons in org.springframework.beans.factory.support.DefaultListableBeanFactory@161860a3: defining beans [JZKitZ3950PluginMetadata,org.springframework.context.annotation.internalConfigurationAnnotationProcessor,org.springframework.context.annotation.internalAutowiredAnnotationProcessor,org.springframework.context.annotation.internalRequiredAnnotationProcessor,org.springframework.context.annotation.internalCommonAnnotationProcessor,QB-CQL,org.jzkit.recordbuilder.iso2709,org.jzkit.recordbuilder.xml,org.jzkit.recordbuilder.string,messageSource,ContextGateway,OIDRegister,Z3950Listener,JZKit2SearchBackend,JZKitConfig,ProfileService,TransformationService,RecordBuilderService,StatelessQueryService,SearchSession,SearchSessionFactory,RPNToInternalRules,InternalToType1ConversionRules,org.springframework.context.annotation.ConfigurationClassPostProcessor$ImportAwareBeanPostProcessor#0]; root of factory hierarchy
2015-03-27 11:43:27,626 INFO  [jeeves.apphand] -      Server is Enabled.
2015-03-27 11:43:27,627 INFO  [jeeves.apphand] -   - Schema manager...
2015-03-27 11:43:27,628 INFO  [jeeves.apphand] - 			- Schema plugins directory: /usr/local/apache-tomcat-7.0.55/webapps/geonetwork/WEB-INF/data/config/schema_plugins
2015-03-27 11:43:27,628 INFO  [jeeves.apphand] - 			- Schema Catalog File     : /usr/local/apache-tomcat-7.0.55/webapps/geonetwork/WEB-INF/data/config/schemaplugin-uri-catalog.xml
2015-03-27 11:43:28,358 WARN  [geonetwork.schemamanager] - Cannot resolve http://www.w3.org/2001/03/xml.xsd: will append last component to current path (not sure it will help though!)
2015-03-27 11:43:28,713 WARN  [geonetwork.schemamanager] - WARNING: gco:Record is a global element without a type - assuming a string
2015-03-27 11:43:29,224 WARN  [geonetwork.schemamanager] - WARNING: gco:Record is a global element without a type - assuming a string
2015-03-27 11:43:29,239 WARN  [geonetwork.schemamanager] - WARNING: schema-substitutions.xml has wiped out XSD substitution list for gml:VerticalDatum
2015-03-27 11:43:29,246 WARN  [geonetwork.schemamanager] - WARNING: schema-substitutions.xml has wiped out XSD substitution list for gml:CoordinateSystemAxis
2015-03-27 11:43:29,255 WARN  [geonetwork.schemamanager] - WARNING: schema-substitutions.xml has wiped out XSD substitution list for gml:VerticalCS
2015-03-27 11:43:29,277 WARN  [geonetwork.schemamanager] - WARNING: schema-substitutions.xml has wiped out XSD substitution list for gml:CoordinateSystemAxis
2015-03-27 11:43:31,027 WARN  [geonetwork.schemamanager] - WARNING: gco:Record is a global element without a type - assuming a string
2015-03-27 11:43:31,038 WARN  [geonetwork.schemamanager] - WARNING: schema-substitutions.xml has wiped out XSD substitution list for gml:VerticalDatum
2015-03-27 11:43:31,044 WARN  [geonetwork.schemamanager] - WARNING: schema-substitutions.xml has wiped out XSD substitution list for gml:CoordinateSystemAxis
2015-03-27 11:43:31,047 WARN  [geonetwork.schemamanager] - WARNING: schema-substitutions.xml specified srv:SV_ServiceIdentification for element gmd:AbstractMD_Identification but the schema does not define this as a valid substitute
2015-03-27 11:43:31,049 WARN  [geonetwork.schemamanager] - WARNING: schema-substitutions.xml has wiped out XSD substitution list for gml:VerticalCS
2015-03-27 11:43:31,058 WARN  [geonetwork.schemamanager] - WARNING: schema-substitutions.xml has wiped out XSD substitution list for gml:CoordinateSystemAxis
2015-03-27 11:43:31,182 INFO  [jeeves.apphand] -   - Search...
2015-03-27 11:43:31,182 INFO  [jeeves.apphand] -   - Log spatial object: false
2015-03-27 11:43:31,182 INFO  [jeeves.apphand] -   - Log in asynch mode: true
2015-03-27 11:43:31,204 INFO  [jeeves.apphand] -   - Lucene configuration is:
2015-03-27 11:43:31,205 INFO  [jeeves.apphand] - Lucene configuration:
 * Version: LUCENE_36
 * RAMBufferSize: 48.0
 * MergeFactor: 10
 * Default analyzer: org.fao.geonet.kernel.search.GeoNetworkAnalyzer
 * Field analyzers: {operatesOn=org.fao.geonet.kernel.search.GeoNetworkAnalyzer, hasfeaturecat=org.fao.geonet.kernel.search.GeoNetworkAnalyzer, subject=org.apache.lucene.analysis.core.KeywordAnalyzer, hassource=org.fao.geonet.kernel.search.GeoNetworkAnalyzer, _groupPublished=org.apache.lucene.analysis.core.KeywordAnalyzer, _source=org.apache.lucene.analysis.core.KeywordAnalyzer, _uuid=org.fao.geonet.kernel.search.GeoNetworkAnalyzer, _cat=org.apache.lucene.analysis.core.KeywordAnalyzer, keyword=org.apache.lucene.analysis.core.KeywordAnalyzer, parentUuid=org.fao.geonet.kernel.search.GeoNetworkAnalyzer, inspirerelated=org.apache.lucene.analysis.core.KeywordAnalyzer, operatesOnIdentifier=org.fao.geonet.kernel.search.GeoNetworkAnalyzer}
 * Field search analyzers: {subject=org.apache.lucene.analysis.core.KeywordAnalyzer, hassource=org.fao.geonet.kernel.search.GeoNetworkAnalyzer, _groupPublished=org.apache.lucene.analysis.core.KeywordAnalyzer, _uuid=org.fao.geonet.kernel.search.GeoNetworkAnalyzer, parentUuid=org.fao.geonet.kernel.search.GeoNetworkAnalyzer, operatesOn=org.fao.geonet.kernel.search.GeoNetworkAnalyzer, hasfeaturecat=org.fao.geonet.kernel.search.GeoNetworkAnalyzer, _source=org.apache.lucene.analysis.core.KeywordAnalyzer, _cat=org.apache.lucene.analysis.core.KeywordAnalyzer, keyword=org.apache.lucene.analysis.core.KeywordAnalyzer, inspirerelated=org.apache.lucene.analysis.core.KeywordAnalyzer, operatesOnIdentifier=org.fao.geonet.kernel.search.GeoNetworkAnalyzer}
 * Field boost factor: {_isTemplate=0.0, _owner=0.0, _op0=0.0, _op1=0.0, _dummy=0.0, _op2=0.0}
 * Boost document class: null
 * Tokenized fields: [specificationTitle, subject, altTitle, keywordType, levelName, abstract, title, any]
 * Numeric fields: [eastBL, southBL, northBL, westBL, denominator]
 * Dump fields: {serviceType=serviceType, _isPublishedToAll=isPublishedToAll, _edit=edit, _owner=owner, responsibleParty=responsibleParty, link=link, _indexingError=idxError, language=language, _defaultTitle=defaultTitle, type=type, datasetLang=datasetLang, _isHarvested=isHarvested, _displayOrder=displayOrder, _selected=selected, _docLocale=docLocale, conditionApplyingToAccessAndUse=Constraints, _popularity=popularity, _userinfo=userinfo, _download=download, keyword=keyword, credit=credit, _indexingErrorMsg=idxMsg, _valid_xsd=valid_xsd, _notify=notify, _featured=featured, otherConstr=Constraints, image=image, _valid_schematron-rules-iso=valid_schematron-rules-iso, _ownername=ownername, _valid_schematron-rules-geonetwork=valid_schematron-rules-geonetwork, _title=title, abstract=abstract, accessConstr=Constraints, parentUuid=parentId, _isTemplate=isTemplate, _valid_schematron-rules-inspire=valid_schematron-rules-inspire, classif=SecurityConstraints, _view=view, _dynamic=dynamic, _valid=valid, spatialRepresentationType=spatialRepresentationType, _rating=rating, _source=source, _cat=category, _locale=_locale, geoBox=geoBox}
 * Search boost query: null
 * Score: 
  * trackDocScores: false 
  * trackMaxScore: false 
  * docsScoredInOrder: false 
Taxonomy configuration: [hits, results_with_summary, titles, results]
  * type: hits
{serviceType=Field: serviceType	name:serviceType	max:10	sort byCOUNT	sort order:DESCENDING, inspiretheme=Field: inspiretheme	name:inspireTheme	max:35	sort byVALUE	sort order:ASCENDIND, orgName=Field: orgName	name:orgName	max:15	sort byCOUNT	sort order:DESCENDING, spatialRepresentationType=Field: spatialRepresentationType	name:spatialRepresentationType	max:10	sort byCOUNT	sort order:DESCENDING, metadataPOC=Field: metadataPOC	name:metadataPOC	max:15	sort byCOUNT	sort order:DESCENDING, keyword=Field: keyword	name:keyword	max:15	sort byCOUNT	sort order:DESCENDING, type=Field: type	name:type	max:10	sort byCOUNT	sort order:DESCENDING, createDateYear=Field: createDateYear	name:createDateYear	max:40	sort byVALUE	sort order:DESCENDING, denominator=Field: denominator	name:denominator	max:10	sort byNUMVALUE	sort order:DESCENDING}  * type: results_with_summary
{serviceType=Field: serviceType	name:serviceType	max:10	sort byCOUNT	sort order:DESCENDING, inspiretheme=Field: inspiretheme	name:inspireTheme	max:35	sort byVALUE	sort order:ASCENDIND, orgName=Field: orgName	name:orgName	max:15	sort byCOUNT	sort order:DESCENDING, spatialRepresentationType=Field: spatialRepresentationType	name:spatialRepresentationType	max:10	sort byCOUNT	sort order:DESCENDING, metadataPOC=Field: metadataPOC	name:metadataPOC	max:15	sort byCOUNT	sort order:DESCENDING, keyword=Field: keyword	name:keyword	max:15	sort byCOUNT	sort order:DESCENDING, type=Field: type	name:type	max:10	sort byCOUNT	sort order:DESCENDING, createDateYear=Field: createDateYear	name:createDateYear	max:40	sort byCOUNT	sort order:ASCENDIND, denominator=Field: denominator	name:denominator	max:20	sort byVALUE	sort order:ASCENDIND}  * type: titles
{title=Field: title	name:title	max:100	sort byCOUNT	sort order:DESCENDING}  * type: results
{keyword=Field: keyword	name:keyword	max:100	sort byCOUNT	sort order:DESCENDING}
2015-03-27 11:43:31,205 INFO  [jeeves.apphand] - Using shapefile /usr/local/apache-tomcat-7.0.55/webapps/geonetwork/WEB-INF/data/index/spatialindex.shp
2015-03-27 11:43:32,277 INFO  [jeeves.apphand] - NOTE: Using shapefile for spatial index, this can be slow for larger catalogs
2015-03-27 11:43:32,886 WARN  [geonetwork.lucene] - Stopwords file with incorrect ISO 639-2 language as filename: README
2015-03-27 11:43:33,743 INFO  [jeeves.apphand] -   - Access manager...
2015-03-27 11:43:33,745 INFO  [jeeves.apphand] -   - Xml serializer and Data manager...
2015-03-27 11:43:34,858 INFO  [jeeves.apphand] -   - Thesaurus...
2015-03-27 11:43:34,868 INFO  [jeeves.apphand] -   - Catalogue services for the web...
2015-03-27 11:43:34,893 INFO  [jeeves.apphand] -   - Open Archive Initiative (OAI-PMH) server...
2015-03-27 11:43:34,921 INFO  [jeeves.apphand] -   - Metadata notifier ...
2015-03-27 11:43:34,921 INFO  [jeeves.apphand] -   - Metadata notifier ...
2015-03-27 11:43:34,922 INFO  [jeeves.apphand] - Site ID is : a9486d1f-6a10-4bfd-b72e-5831bb83c39b
2015-03-27 11:43:34,922 INFO  [jeeves.apphand] -   - Harvest manager...
2015-03-27 12:16:18,585 INFO  [jeeves.apphand] - Stopping geonetwork...
2015-03-27 12:16:18,586 INFO  [jeeves.apphand] - shutting down CSW HarvestResponse executionService
2015-03-27 12:16:18,720 INFO  [jeeves.apphand] -   - search...
2015-03-27 12:16:18,735 INFO  [jeeves.apphand] -   - ThreadPool ...
2015-03-27 12:16:18,735 INFO  [jeeves.apphand] -   - MetadataNotifier ...
2015-03-27 12:16:18,735 INFO  [jeeves.apphand] -   - Harvest Manager...
2015-03-27 12:16:18,738 INFO  [jeeves.apphand] -   - Z39.50...
2015-03-27 12:16:18,743 ERROR [org.jzkit.z3950.server.Z3950Listener] - Problem
java.net.SocketException: Socket closed
	at java.net.PlainSocketImpl.socketAccept(Native Method)
	at java.net.AbstractPlainSocketImpl.accept(AbstractPlainSocketImpl.java:404)
	at java.net.ServerSocket.implAccept(ServerSocket.java:545)
	at java.net.ServerSocket.accept(ServerSocket.java:513)
	at org.jzkit.z3950.server.Z3950Listener.run(Z3950Listener.java:74)
2015-03-27 12:16:18,793 INFO  [jeeves.config.springutil.JeevesApplicationContext] - Closing Root WebApplicationContext: startup date [Fri Mar 27 11:43:18 GMT 2015]; root of context hierarchy
2015-03-27 12:16:18,799 INFO  [org.springframework.beans.factory.support.DefaultListableBeanFactory] - Destroying singletons in org.springframework.beans.factory.support.DefaultListableBeanFactory@15db82c8: defining beans [filterChainProxy,coreFilterChain,filter,preAuthenticationFilter,securityContextPersistenceFilter,authenticationManager,securityContextRepository,formLoginFilter,basicAuthenticationFilter,basicAuthenticationEntryPoint,logoutFilter,logoutSuccessHandler,requestCacheFilter,exceptionTranslationFilter,authenticationEntryPoint,accessDeniedHandler,geonetworkEncoder,geonetworkAuthenticationProvider,preFilterAuthenticationProvider,accessDecisionManager,anonymousFilter,anonymousProvider,sessionMgmtFilter,webPrivilegeEvaluatorCore,overrideWebPrivilegeEvaluator,org.springframework.security.web.access.expression.DefaultWebSecurityExpressionHandler#0,coreFilterSecurityMetadataSource,filterSecurityInterceptor,org.springframework.security.web.access.expression.DefaultWebSecurityExpressionHandler#1,url-mapping-overrides,overridefilterSecurityInterceptor,org.springframework.beans.factory.config.PropertyPlaceholderConfigurer#0,languages,RegionsDAO]; root of factory hierarchy
2015-03-27 12:16:40,337 INFO  [jeeves] - Upload directory is: /usr/local/apache-tomcat-7.0.55/webapps/geonetwork/./data/tmp/
2015-03-27 12:16:40,350 WARN  [jeeves.dbmspool] - Using transaction isolation setting READ_COMMITTED
2015-03-27 12:16:45,676 INFO  [jeeves.service] - Service csw already exist, re-register it.
2015-03-27 12:16:45,725 INFO  [jeeves.apphand] - Initializing GeoNetwork 2.10.3-0.SNAPSHOT ...
2015-03-27 12:16:45,727 WARN  [geonetwork.data.directory] -    - Data directory initialization: null
2015-03-27 12:16:45,727 WARN  [geonetwork.data.directory] -     - Data directory properties is not set. Use geonetwork.dir or geonetwork.dir properties.
2015-03-27 12:16:45,727 WARN  [geonetwork.data.directory] -     - Data directory provided could not be used. Using default location: /usr/local/apache-tomcat-7.0.55/webapps/geonetwork/WEB-INF/data/
2015-03-27 12:16:45,728 INFO  [jeeves.apphand] - Data directory: /usr/local/apache-tomcat-7.0.55/webapps/geonetwork/WEB-INF/data/
2015-03-27 12:16:45,728 INFO  [jeeves.apphand] - jeeves.xml.catalog.files property set to /usr/local/apache-tomcat-7.0.55/webapps/geonetwork/WEB-INF/oasis-catalog.xml;/usr/local/apache-tomcat-7.0.55/webapps/geonetwork/WEB-INF/data/config/schemaplugin-uri-catalog.xml
2015-03-27 12:16:45,728 INFO  [jeeves.apphand] - jeeves.xml.catalog.blankxslfile property set to /usr/local/apache-tomcat-7.0.55/webapps/geonetwork/xsl/blanks.xsl
2015-03-27 12:16:45,728 INFO  [jeeves.apphand] - mime-mappings property set to /usr/local/apache-tomcat-7.0.55/webapps/geonetwork/WEB-INF/mime-types.properties
2015-03-27 12:16:45,820 INFO  [jeeves.apphand] -   - Database connection on jdbc:h2:geonetwork;LOCK_TIMEOUT=20000;DB_CLOSE_ON_EXIT=FALSE;MVCC=TRUE ...
2015-03-27 12:16:45,826 INFO  [jeeves.apphand] -       Found an existing GeoNetwork database.
2015-03-27 12:16:45,827 INFO  [jeeves.apphand] -   - Thread Pool...
2015-03-27 12:16:45,829 INFO  [jeeves.apphand] -   - Setting manager...
2015-03-27 12:16:45,847 INFO  [jeeves.apphand] -   - Migration ...
2015-03-27 12:16:45,847 INFO  [jeeves.apphand] -       Webapp   version:2.10.3-0 subversion:SNAPSHOT
2015-03-27 12:16:45,847 INFO  [jeeves.apphand] -       Database version:2.10.3 subversion:0
2015-03-27 12:16:45,847 INFO  [jeeves.apphand] -       Webapp version = Database version, no migration task to apply.
2015-03-27 12:16:45,848 INFO  [jeeves.apphand] -   - Z39.50...
2015-03-27 12:16:45,875 INFO  [jeeves.apphand] -      Repositories file built from template.
2015-03-27 12:16:45,877 INFO  [org.springframework.context.support.ClassPathXmlApplicationContext] - Refreshing org.springframework.context.support.ClassPathXmlApplicationContext@753dfd56: startup date [Fri Mar 27 12:16:45 GMT 2015]; root of context hierarchy
2015-03-27 12:16:45,879 INFO  [org.springframework.beans.factory.xml.XmlBeanDefinitionReader] - Loading XML bean definitions from class path resource [JZkitApplicationContext.xml]
2015-03-27 12:16:46,089 INFO  [org.springframework.context.annotation.ClassPathBeanDefinitionScanner] - JSR-250 'javax.annotation.ManagedBean' found and supported for component scanning
2015-03-27 12:16:46,156 INFO  [org.springframework.context.annotation.ClassPathBeanDefinitionScanner] - JSR-250 'javax.annotation.ManagedBean' found and supported for component scanning
2015-03-27 12:16:46,159 INFO  [org.springframework.context.annotation.ClassPathBeanDefinitionScanner] - JSR-250 'javax.annotation.ManagedBean' found and supported for component scanning
2015-03-27 12:16:46,161 INFO  [org.springframework.context.annotation.ClassPathBeanDefinitionScanner] - JSR-250 'javax.annotation.ManagedBean' found and supported for component scanning
2015-03-27 12:16:46,239 INFO  [org.springframework.beans.factory.support.DefaultListableBeanFactory] - Pre-instantiating singletons in org.springframework.beans.factory.support.DefaultListableBeanFactory@161860a3: defining beans [JZKitZ3950PluginMetadata,org.springframework.context.annotation.internalConfigurationAnnotationProcessor,org.springframework.context.annotation.internalAutowiredAnnotationProcessor,org.springframework.context.annotation.internalRequiredAnnotationProcessor,org.springframework.context.annotation.internalCommonAnnotationProcessor,QB-CQL,org.jzkit.recordbuilder.iso2709,org.jzkit.recordbuilder.xml,org.jzkit.recordbuilder.string,messageSource,ContextGateway,OIDRegister,Z3950Listener,JZKit2SearchBackend,JZKitConfig,ProfileService,TransformationService,RecordBuilderService,StatelessQueryService,SearchSession,SearchSessionFactory,RPNToInternalRules,InternalToType1ConversionRules,org.springframework.context.annotation.ConfigurationClassPostProcessor$ImportAwareBeanPostProcessor#0]; root of factory hierarchy
2015-03-27 12:16:46,957 INFO  [jeeves.apphand] -      Server is Enabled.
2015-03-27 12:16:46,958 INFO  [jeeves.apphand] -   - Schema manager...
2015-03-27 12:16:46,958 INFO  [jeeves.apphand] - 			- Schema plugins directory: /usr/local/apache-tomcat-7.0.55/webapps/geonetwork/WEB-INF/data/config/schema_plugins
2015-03-27 12:16:46,958 INFO  [jeeves.apphand] - 			- Schema Catalog File     : /usr/local/apache-tomcat-7.0.55/webapps/geonetwork/WEB-INF/data/config/schemaplugin-uri-catalog.xml
2015-03-27 12:16:47,600 WARN  [geonetwork.schemamanager] - Cannot resolve http://www.w3.org/2001/03/xml.xsd: will append last component to current path (not sure it will help though!)
2015-03-27 12:16:47,923 WARN  [geonetwork.schemamanager] - WARNING: gco:Record is a global element without a type - assuming a string
2015-03-27 12:16:48,127 WARN  [geonetwork.schemamanager] - WARNING: gco:Record is a global element without a type - assuming a string
2015-03-27 12:16:48,134 WARN  [geonetwork.schemamanager] - WARNING: schema-substitutions.xml has wiped out XSD substitution list for gml:VerticalDatum
2015-03-27 12:16:48,136 WARN  [geonetwork.schemamanager] - WARNING: schema-substitutions.xml has wiped out XSD substitution list for gml:CoordinateSystemAxis
2015-03-27 12:16:48,138 WARN  [geonetwork.schemamanager] - WARNING: schema-substitutions.xml has wiped out XSD substitution list for gml:VerticalCS
2015-03-27 12:16:48,142 WARN  [geonetwork.schemamanager] - WARNING: schema-substitutions.xml has wiped out XSD substitution list for gml:CoordinateSystemAxis
2015-03-27 12:16:49,129 WARN  [geonetwork.schemamanager] - WARNING: gco:Record is a global element without a type - assuming a string
2015-03-27 12:16:49,137 WARN  [geonetwork.schemamanager] - WARNING: schema-substitutions.xml has wiped out XSD substitution list for gml:VerticalDatum
2015-03-27 12:16:49,140 WARN  [geonetwork.schemamanager] - WARNING: schema-substitutions.xml has wiped out XSD substitution list for gml:CoordinateSystemAxis
2015-03-27 12:16:49,142 WARN  [geonetwork.schemamanager] - WARNING: schema-substitutions.xml specified srv:SV_ServiceIdentification for element gmd:AbstractMD_Identification but the schema does not define this as a valid substitute
2015-03-27 12:16:49,143 WARN  [geonetwork.schemamanager] - WARNING: schema-substitutions.xml has wiped out XSD substitution list for gml:VerticalCS
2015-03-27 12:16:49,149 WARN  [geonetwork.schemamanager] - WARNING: schema-substitutions.xml has wiped out XSD substitution list for gml:CoordinateSystemAxis
2015-03-27 12:16:49,227 INFO  [jeeves.apphand] -   - Search...
2015-03-27 12:16:49,227 INFO  [jeeves.apphand] -   - Log spatial object: false
2015-03-27 12:16:49,227 INFO  [jeeves.apphand] -   - Log in asynch mode: true
2015-03-27 12:16:49,248 INFO  [jeeves.apphand] -   - Lucene configuration is:
2015-03-27 12:16:49,249 INFO  [jeeves.apphand] - Lucene configuration:
 * Version: LUCENE_36
 * RAMBufferSize: 48.0
 * MergeFactor: 10
 * Default analyzer: org.fao.geonet.kernel.search.GeoNetworkAnalyzer
 * Field analyzers: {operatesOn=org.fao.geonet.kernel.search.GeoNetworkAnalyzer, hasfeaturecat=org.fao.geonet.kernel.search.GeoNetworkAnalyzer, subject=org.apache.lucene.analysis.core.KeywordAnalyzer, hassource=org.fao.geonet.kernel.search.GeoNetworkAnalyzer, _groupPublished=org.apache.lucene.analysis.core.KeywordAnalyzer, _source=org.apache.lucene.analysis.core.KeywordAnalyzer, _uuid=org.fao.geonet.kernel.search.GeoNetworkAnalyzer, _cat=org.apache.lucene.analysis.core.KeywordAnalyzer, keyword=org.apache.lucene.analysis.core.KeywordAnalyzer, parentUuid=org.fao.geonet.kernel.search.GeoNetworkAnalyzer, inspirerelated=org.apache.lucene.analysis.core.KeywordAnalyzer, operatesOnIdentifier=org.fao.geonet.kernel.search.GeoNetworkAnalyzer}
 * Field search analyzers: {subject=org.apache.lucene.analysis.core.KeywordAnalyzer, hassource=org.fao.geonet.kernel.search.GeoNetworkAnalyzer, _groupPublished=org.apache.lucene.analysis.core.KeywordAnalyzer, _uuid=org.fao.geonet.kernel.search.GeoNetworkAnalyzer, parentUuid=org.fao.geonet.kernel.search.GeoNetworkAnalyzer, operatesOn=org.fao.geonet.kernel.search.GeoNetworkAnalyzer, hasfeaturecat=org.fao.geonet.kernel.search.GeoNetworkAnalyzer, _source=org.apache.lucene.analysis.core.KeywordAnalyzer, _cat=org.apache.lucene.analysis.core.KeywordAnalyzer, keyword=org.apache.lucene.analysis.core.KeywordAnalyzer, inspirerelated=org.apache.lucene.analysis.core.KeywordAnalyzer, operatesOnIdentifier=org.fao.geonet.kernel.search.GeoNetworkAnalyzer}
 * Field boost factor: {_isTemplate=0.0, _owner=0.0, _op0=0.0, _op1=0.0, _dummy=0.0, _op2=0.0}
 * Boost document class: null
 * Tokenized fields: [specificationTitle, subject, altTitle, keywordType, levelName, abstract, title, any]
 * Numeric fields: [eastBL, southBL, northBL, westBL, denominator]
 * Dump fields: {serviceType=serviceType, _isPublishedToAll=isPublishedToAll, _edit=edit, _owner=owner, responsibleParty=responsibleParty, link=link, _indexingError=idxError, language=language, _defaultTitle=defaultTitle, type=type, datasetLang=datasetLang, _isHarvested=isHarvested, _displayOrder=displayOrder, _selected=selected, _docLocale=docLocale, conditionApplyingToAccessAndUse=Constraints, _popularity=popularity, _userinfo=userinfo, _download=download, keyword=keyword, credit=credit, _indexingErrorMsg=idxMsg, _valid_xsd=valid_xsd, _notify=notify, _featured=featured, otherConstr=Constraints, image=image, _valid_schematron-rules-iso=valid_schematron-rules-iso, _ownername=ownername, _valid_schematron-rules-geonetwork=valid_schematron-rules-geonetwork, _title=title, abstract=abstract, accessConstr=Constraints, parentUuid=parentId, _isTemplate=isTemplate, _valid_schematron-rules-inspire=valid_schematron-rules-inspire, classif=SecurityConstraints, _view=view, _dynamic=dynamic, _valid=valid, spatialRepresentationType=spatialRepresentationType, _rating=rating, _source=source, _cat=category, _locale=_locale, geoBox=geoBox}
 * Search boost query: null
 * Score: 
  * trackDocScores: false 
  * trackMaxScore: false 
  * docsScoredInOrder: false 
Taxonomy configuration: [hits, results_with_summary, titles, results]
  * type: hits
{serviceType=Field: serviceType	name:serviceType	max:10	sort byCOUNT	sort order:DESCENDING, inspiretheme=Field: inspiretheme	name:inspireTheme	max:35	sort byVALUE	sort order:ASCENDIND, orgName=Field: orgName	name:orgName	max:15	sort byCOUNT	sort order:DESCENDING, spatialRepresentationType=Field: spatialRepresentationType	name:spatialRepresentationType	max:10	sort byCOUNT	sort order:DESCENDING, metadataPOC=Field: metadataPOC	name:metadataPOC	max:15	sort byCOUNT	sort order:DESCENDING, keyword=Field: keyword	name:keyword	max:15	sort byCOUNT	sort order:DESCENDING, type=Field: type	name:type	max:10	sort byCOUNT	sort order:DESCENDING, createDateYear=Field: createDateYear	name:createDateYear	max:40	sort byVALUE	sort order:DESCENDING, denominator=Field: denominator	name:denominator	max:10	sort byNUMVALUE	sort order:DESCENDING}  * type: results_with_summary
{serviceType=Field: serviceType	name:serviceType	max:10	sort byCOUNT	sort order:DESCENDING, inspiretheme=Field: inspiretheme	name:inspireTheme	max:35	sort byVALUE	sort order:ASCENDIND, orgName=Field: orgName	name:orgName	max:15	sort byCOUNT	sort order:DESCENDING, spatialRepresentationType=Field: spatialRepresentationType	name:spatialRepresentationType	max:10	sort byCOUNT	sort order:DESCENDING, metadataPOC=Field: metadataPOC	name:metadataPOC	max:15	sort byCOUNT	sort order:DESCENDING, keyword=Field: keyword	name:keyword	max:15	sort byCOUNT	sort order:DESCENDING, type=Field: type	name:type	max:10	sort byCOUNT	sort order:DESCENDING, createDateYear=Field: createDateYear	name:createDateYear	max:40	sort byCOUNT	sort order:ASCENDIND, denominator=Field: denominator	name:denominator	max:20	sort byVALUE	sort order:ASCENDIND}  * type: titles
{title=Field: title	name:title	max:100	sort byCOUNT	sort order:DESCENDING}  * type: results
{keyword=Field: keyword	name:keyword	max:100	sort byCOUNT	sort order:DESCENDING}
2015-03-27 12:16:49,249 INFO  [jeeves.apphand] - Using shapefile /usr/local/apache-tomcat-7.0.55/webapps/geonetwork/WEB-INF/data/index/spatialindex.shp
2015-03-27 12:16:49,845 INFO  [jeeves.apphand] - NOTE: Using shapefile for spatial index, this can be slow for larger catalogs
2015-03-27 12:16:50,184 WARN  [geonetwork.lucene] - Stopwords file with incorrect ISO 639-2 language as filename: README
2015-03-27 12:16:50,858 INFO  [jeeves.apphand] -   - Access manager...
2015-03-27 12:16:50,860 INFO  [jeeves.apphand] -   - Xml serializer and Data manager...
2015-03-27 12:16:51,812 INFO  [jeeves.apphand] -   - Thesaurus...
2015-03-27 12:16:51,824 INFO  [jeeves.apphand] -   - Catalogue services for the web...
2015-03-27 12:16:51,849 INFO  [jeeves.apphand] -   - Open Archive Initiative (OAI-PMH) server...
2015-03-27 12:16:51,865 INFO  [jeeves.apphand] -   - Metadata notifier ...
2015-03-27 12:16:51,865 INFO  [jeeves.apphand] -   - Metadata notifier ...
2015-03-27 12:16:51,866 INFO  [jeeves.apphand] - Site ID is : a9486d1f-6a10-4bfd-b72e-5831bb83c39b
2015-03-27 12:16:51,866 INFO  [jeeves.apphand] -   - Harvest manager...
2015-03-27 13:27:29,260 INFO  [jeeves.apphand] - Stopping geonetwork...
2015-03-27 13:27:29,261 INFO  [jeeves.apphand] - shutting down CSW HarvestResponse executionService
2015-03-27 13:27:29,262 INFO  [jeeves.apphand] -   - search...
2015-03-27 13:27:29,277 INFO  [jeeves.apphand] -   - ThreadPool ...
2015-03-27 13:27:29,277 INFO  [jeeves.apphand] -   - MetadataNotifier ...
2015-03-27 13:27:29,277 INFO  [jeeves.apphand] -   - Harvest Manager...
2015-03-27 13:27:29,279 INFO  [jeeves.apphand] -   - Z39.50...
2015-03-27 13:27:29,281 ERROR [org.jzkit.z3950.server.Z3950Listener] - Problem
java.net.SocketException: Socket closed
	at java.net.PlainSocketImpl.socketAccept(Native Method)
	at java.net.AbstractPlainSocketImpl.accept(AbstractPlainSocketImpl.java:404)
	at java.net.ServerSocket.implAccept(ServerSocket.java:545)
	at java.net.ServerSocket.accept(ServerSocket.java:513)
	at org.jzkit.z3950.server.Z3950Listener.run(Z3950Listener.java:74)
2015-03-27 13:27:29,317 INFO  [jeeves.config.springutil.JeevesApplicationContext] - Closing Root WebApplicationContext: startup date [Fri Mar 27 12:16:38 GMT 2015]; root of context hierarchy
2015-03-27 13:27:29,324 INFO  [org.springframework.beans.factory.support.DefaultListableBeanFactory] - Destroying singletons in org.springframework.beans.factory.support.DefaultListableBeanFactory@15db82c8: defining beans [filterChainProxy,coreFilterChain,filter,preAuthenticationFilter,securityContextPersistenceFilter,authenticationManager,securityContextRepository,formLoginFilter,basicAuthenticationFilter,basicAuthenticationEntryPoint,logoutFilter,logoutSuccessHandler,requestCacheFilter,exceptionTranslationFilter,authenticationEntryPoint,accessDeniedHandler,geonetworkEncoder,geonetworkAuthenticationProvider,preFilterAuthenticationProvider,accessDecisionManager,anonymousFilter,anonymousProvider,sessionMgmtFilter,webPrivilegeEvaluatorCore,overrideWebPrivilegeEvaluator,org.springframework.security.web.access.expression.DefaultWebSecurityExpressionHandler#0,coreFilterSecurityMetadataSource,filterSecurityInterceptor,org.springframework.security.web.access.expression.DefaultWebSecurityExpressionHandler#1,url-mapping-overrides,overridefilterSecurityInterceptor,org.springframework.beans.factory.config.PropertyPlaceholderConfigurer#0,languages,RegionsDAO]; root of factory hierarchy
